2025-12-20 15:29:54 | INFO | train | 开始生成离线数据集...
2025-12-20 19:11:42 | INFO | train | 开始生成离线数据集...
2025-12-20 21:20:59 | INFO | train | 离线数据集生成完成
2025-12-20 21:20:59 | INFO | train | 开始 Decision Transformer 的离线预训练...
2025-12-20 21:20:59 | INFO | train | 开始 IQL 强化学习阶段...
2025-12-20 21:21:30 | INFO | train | Step 10/5000 | buffer=10 | losses: value=3770.7129, critic=4861.1206, actor=109.8618
2025-12-20 21:22:00 | INFO | train | Step 20/5000 | buffer=20 | losses: value=2048.4511, critic=2871.0328, actor=150.6563
2025-12-20 21:22:31 | INFO | train | Step 30/5000 | buffer=30 | losses: value=1542.5682, critic=2351.4495, actor=173.6783
2025-12-20 21:23:02 | INFO | train | Step 40/5000 | buffer=40 | losses: value=1501.7715, critic=3324.1222, actor=185.1894
2025-12-20 21:23:33 | INFO | train | Step 50/5000 | buffer=50 | losses: value=2209.8109, critic=7398.9252, actor=192.0960
2025-12-20 21:24:03 | INFO | train | Step 60/5000 | buffer=60 | losses: value=3142.2126, critic=20824.9489, actor=196.7004
2025-12-20 21:24:34 | INFO | train | Step 70/5000 | buffer=70 | losses: value=4541.5113, critic=51125.1694, actor=199.9893
2025-12-20 21:25:05 | INFO | train | Step 80/5000 | buffer=80 | losses: value=6839.7756, critic=111837.3509, actor=202.4559
2025-12-20 21:25:35 | INFO | train | Step 90/5000 | buffer=90 | losses: value=10548.7012, critic=220667.7814, actor=204.3744
2025-12-20 21:26:06 | INFO | train | Step 100/5000 | buffer=100 | losses: value=16736.9441, critic=402234.4095, actor=205.9092
2025-12-20 21:26:36 | INFO | train | Step 110/5000 | buffer=110 | losses: value=26364.7508, critic=685365.9995, actor=207.1650
2025-12-20 21:27:07 | INFO | train | Step 120/5000 | buffer=120 | losses: value=39888.8112, critic=1120982.8412, actor=208.2114
2025-12-20 21:27:38 | INFO | train | Step 130/5000 | buffer=130 | losses: value=59210.6658, critic=1739517.4727, actor=209.0969
2025-12-20 21:28:09 | INFO | train | Step 140/5000 | buffer=140 | losses: value=85036.1501, critic=2686556.5746, actor=209.8558
2025-12-20 21:28:40 | INFO | train | Step 150/5000 | buffer=150 | losses: value=128136.0656, critic=4106134.2830, actor=210.5136
2025-12-20 21:29:11 | INFO | train | Step 160/5000 | buffer=160 | losses: value=187302.3658, critic=6092991.3653, actor=211.0892
2025-12-20 21:29:43 | INFO | train | Step 170/5000 | buffer=170 | losses: value=261407.3839, critic=8475633.2850, actor=211.5970
2025-12-20 21:30:14 | INFO | train | Step 180/5000 | buffer=180 | losses: value=344691.3293, critic=11377290.4803, actor=212.0484
2025-12-20 21:30:45 | INFO | train | Step 190/5000 | buffer=190 | losses: value=463234.6975, critic=15387077.6550, actor=212.4523
2025-12-20 21:31:16 | INFO | train | Episode 1 return=-4.000, length=200
2025-12-20 21:31:16 | INFO | train | Step 200/5000 | buffer=200 | losses: value=611070.7589, critic=351612630.2122, actor=211.7172
2025-12-20 21:41:25 | INFO | train | Eval Episode 1/5 return=-4.000
2025-12-20 21:51:28 | INFO | train | Eval Episode 2/5 return=-4.000
2025-12-20 22:01:34 | INFO | train | Eval Episode 3/5 return=-4.000
2025-12-20 22:11:38 | INFO | train | Eval Episode 4/5 return=-4.000
2025-12-20 22:21:43 | INFO | train | Eval Episode 5/5 return=-4.000
2025-12-20 22:21:43 | INFO | train | Eval at step 200: {'avg_return': -4.0}
2025-12-20 22:21:46 | INFO | train | Episode 2 return=-4.000, length=1
2025-12-20 22:21:46 | INFO | train | Step 201/5000 | buffer=201 | losses: value=929060.4566, critic=351184784.3704, actor=210.6639
2025-12-20 22:22:17 | INFO | train | Step 211/5000 | buffer=211 | losses: value=2346985.0984, critic=755717687.3528, actor=202.1767
2025-12-20 22:22:47 | INFO | train | Step 221/5000 | buffer=221 | losses: value=3118747.5176, critic=1362534437.8980, actor=193.0285
2025-12-20 22:23:18 | INFO | train | Step 231/5000 | buffer=231 | losses: value=3323985.8394, critic=1592728494.7162, actor=184.6723
2025-12-20 22:23:48 | INFO | train | Step 241/5000 | buffer=241 | losses: value=3806255.1406, critic=2010920319.8317, actor=177.0095
2025-12-20 22:24:16 | INFO | train | Step 250/5000 | buffer=250 | losses: value=3767537.3532, critic=2109402622.4058, actor=170.8294
2025-12-20 22:24:46 | INFO | train | Step 260/5000 | buffer=260 | losses: value=3723228.0389, critic=2135055615.2517, actor=164.2591
2025-12-20 22:25:17 | INFO | train | Step 270/5000 | buffer=270 | losses: value=3761328.8462, critic=2261096588.1276, actor=158.1754
2025-12-20 22:25:48 | INFO | train | Step 280/5000 | buffer=280 | losses: value=3881981.8892, critic=2455569955.5427, actor=152.5263
2025-12-20 22:26:18 | INFO | train | Step 290/5000 | buffer=290 | losses: value=3768358.3382, critic=2390556364.6688, actor=147.7185
2025-12-20 22:26:49 | INFO | train | Step 300/5000 | buffer=300 | losses: value=3771669.0113, critic=2497598256.5515, actor=142.7945
2025-12-20 22:27:20 | INFO | train | Step 310/5000 | buffer=310 | losses: value=3750965.3451, critic=2417688166.8809, actor=141.1341
2025-12-20 22:27:50 | INFO | train | Step 320/5000 | buffer=320 | losses: value=3706105.9289, critic=2388720691.2846, actor=137.5176
2025-12-20 22:28:21 | INFO | train | Step 330/5000 | buffer=330 | losses: value=3612805.8844, critic=2328626597.3926, actor=135.3695
2025-12-20 22:28:52 | INFO | train | Step 340/5000 | buffer=340 | losses: value=3521716.9899, critic=2260391217.0370, actor=131.3880
2025-12-20 22:29:23 | INFO | train | Step 350/5000 | buffer=350 | losses: value=3425407.3642, critic=2242594397.7931, actor=127.6930
2025-12-20 22:29:54 | INFO | train | Step 360/5000 | buffer=360 | losses: value=3377305.5671, critic=2257401490.6731, actor=124.1459
2025-12-20 22:30:25 | INFO | train | Step 370/5000 | buffer=370 | losses: value=3391234.5339, critic=2277458497.2568, actor=120.7906
2025-12-20 22:30:55 | INFO | train | Step 380/5000 | buffer=380 | losses: value=3311857.1257, critic=2262115955.5040, actor=117.7565
2025-12-20 22:31:25 | INFO | train | Step 390/5000 | buffer=390 | losses: value=3238347.5258, critic=2211446858.5270, actor=114.7371
2025-12-20 22:31:56 | INFO | train | Step 400/5000 | buffer=400 | losses: value=3164727.2938, critic=2180008687.5250, actor=111.8687
2025-12-20 22:41:56 | INFO | train | Eval Episode 1/5 return=-4.000
2025-12-20 22:51:59 | INFO | train | Eval Episode 2/5 return=-4.000
2025-12-20 23:02:05 | INFO | train | Eval Episode 3/5 return=-4.000
2025-12-20 23:12:09 | INFO | train | Eval Episode 4/5 return=-4.000
2025-12-20 23:22:12 | INFO | train | Eval Episode 5/5 return=-4.000
2025-12-20 23:22:12 | INFO | train | Eval at step 400: {'avg_return': -4.0}
2025-12-20 23:22:15 | INFO | train | Episode 3 return=-4.000, length=200
2025-12-20 23:22:15 | INFO | train | Step 401/5000 | buffer=401 | losses: value=3159616.6778, critic=2174580192.3261, actor=111.5897
2025-12-20 23:22:48 | INFO | train | Step 411/5000 | buffer=411 | losses: value=3111751.0141, critic=2193408607.3942, actor=108.8746
2025-12-20 23:23:18 | INFO | train | Step 421/5000 | buffer=421 | losses: value=3070109.0963, critic=2186768671.1425, actor=106.2885
2025-12-20 23:23:49 | INFO | train | Step 431/5000 | buffer=431 | losses: value=3016402.6467, critic=2172491638.6590, actor=103.8224
2025-12-20 23:24:19 | INFO | train | Step 441/5000 | buffer=441 | losses: value=2975358.2846, critic=2194251772.9173, actor=101.4682
2025-12-20 23:24:46 | INFO | train | Step 450/5000 | buffer=450 | losses: value=2952424.1232, critic=2165662953.0042, actor=99.4388
2025-12-20 23:25:17 | INFO | train | Step 460/5000 | buffer=460 | losses: value=2890855.6592, critic=2132650843.1269, actor=98.7553
2025-12-20 23:25:47 | INFO | train | Step 470/5000 | buffer=470 | losses: value=2843907.7970, critic=2094674537.3846, actor=96.6541
2025-12-20 23:26:18 | INFO | train | Step 480/5000 | buffer=480 | losses: value=2788820.7588, critic=2075904721.3349, actor=94.7120
2025-12-20 23:26:49 | INFO | train | Step 490/5000 | buffer=490 | losses: value=2759219.8433, critic=2057054418.8559, actor=92.7791
2025-12-20 23:27:19 | INFO | train | Step 500/5000 | buffer=500 | losses: value=2710083.2415, critic=2054459216.6170, actor=90.9235
2025-12-20 23:27:50 | INFO | train | Step 510/5000 | buffer=510 | losses: value=2673795.3128, critic=2014224008.2345, actor=89.2753
2025-12-20 23:28:21 | INFO | train | Step 520/5000 | buffer=520 | losses: value=2623415.6138, critic=1978234729.6362, actor=89.5112
2025-12-20 23:28:51 | INFO | train | Step 530/5000 | buffer=530 | losses: value=2582823.4032, critic=1961506993.5933, actor=87.8223
2025-12-20 23:29:22 | INFO | train | Step 540/5000 | buffer=540 | losses: value=2550839.3708, critic=1942362097.7150, actor=86.1960
2025-12-20 23:29:52 | INFO | train | Step 550/5000 | buffer=550 | losses: value=2505981.4529, critic=1915139955.1433, actor=84.8785
2025-12-20 23:30:23 | INFO | train | Step 560/5000 | buffer=560 | losses: value=2465246.7521, critic=1890662475.7343, actor=83.3628
2025-12-20 23:30:53 | INFO | train | Step 570/5000 | buffer=570 | losses: value=2428713.9379, critic=1866827136.8221, actor=81.9003
2025-12-20 23:31:23 | INFO | train | Step 580/5000 | buffer=580 | losses: value=2388222.0209, critic=1841561718.7906, actor=80.5947
2025-12-20 23:31:54 | INFO | train | Step 590/5000 | buffer=590 | losses: value=2349713.7854, critic=1816868355.4455, actor=79.2287
2025-12-20 23:32:24 | INFO | train | Step 600/5000 | buffer=600 | losses: value=2314745.7502, critic=1800729332.5697, actor=77.9083
2025-12-20 23:42:25 | INFO | train | Eval Episode 1/5 return=-4.000
2025-12-20 23:52:27 | INFO | train | Eval Episode 2/5 return=-4.000
2025-12-21 00:02:26 | INFO | train | Eval Episode 3/5 return=-4.000
2025-12-21 00:12:26 | INFO | train | Eval Episode 4/5 return=-4.000
2025-12-21 00:22:28 | INFO | train | Eval Episode 5/5 return=-4.000
2025-12-21 00:22:28 | INFO | train | Eval at step 600: {'avg_return': -4.0}
2025-12-21 00:22:31 | INFO | train | Episode 4 return=-4.000, length=200
2025-12-21 00:22:31 | INFO | train | Step 601/5000 | buffer=601 | losses: value=2311814.8884, critic=1797735007.2266, actor=77.7786
2025-12-21 00:23:02 | INFO | train | Step 611/5000 | buffer=611 | losses: value=2282539.3209, critic=1780073953.2200, actor=76.5057
2025-12-21 00:23:32 | INFO | train | Step 621/5000 | buffer=621 | losses: value=2249162.8018, critic=1758645244.0992, actor=75.2737
2025-12-21 00:24:03 | INFO | train | Step 631/5000 | buffer=631 | losses: value=2217362.0155, critic=1746514582.4423, actor=74.0916
2025-12-21 00:24:33 | INFO | train | Step 641/5000 | buffer=641 | losses: value=2188614.2563, critic=1720681642.6680, actor=73.0429
2025-12-21 00:25:01 | INFO | train | Step 650/5000 | buffer=650 | losses: value=2160066.4818, critic=1711030419.3920, actor=72.2956
2025-12-21 00:25:31 | INFO | train | Step 660/5000 | buffer=660 | losses: value=2141521.1817, critic=1698568426.8891, actor=71.2002
2025-12-21 00:26:02 | INFO | train | Step 670/5000 | buffer=670 | losses: value=2110652.7136, critic=1677470595.0861, actor=70.2709
2025-12-21 00:26:32 | INFO | train | Step 680/5000 | buffer=680 | losses: value=2083218.0858, critic=1661946056.1359, actor=69.2375
2025-12-21 00:27:03 | INFO | train | Step 690/5000 | buffer=690 | losses: value=2058373.2030, critic=1656602196.6084, actor=68.2340
2025-12-21 00:27:34 | INFO | train | Step 700/5000 | buffer=700 | losses: value=2035129.1548, critic=1639891252.4202, actor=67.2593
2025-12-21 00:28:04 | INFO | train | Step 710/5000 | buffer=710 | losses: value=2007434.9724, critic=1620103349.3149, actor=66.3120
2025-12-21 00:28:35 | INFO | train | Step 720/5000 | buffer=720 | losses: value=1984141.5303, critic=1607133723.2228, actor=65.3910
2025-12-21 00:29:06 | INFO | train | Step 730/5000 | buffer=730 | losses: value=1959071.8269, critic=1591105841.3216, actor=64.5046
2025-12-21 00:29:36 | INFO | train | Step 740/5000 | buffer=740 | losses: value=1934081.0493, critic=1572460283.7793, actor=63.6329
2025-12-21 00:30:07 | INFO | train | Step 750/5000 | buffer=750 | losses: value=1910122.1835, critic=1556980419.9642, actor=62.7845
2025-12-21 00:30:37 | INFO | train | Step 760/5000 | buffer=760 | losses: value=1887623.9474, critic=1541776404.9046, actor=61.9584
2025-12-21 00:31:08 | INFO | train | Step 770/5000 | buffer=770 | losses: value=1863851.8320, critic=1521773714.6178, actor=61.7244
2025-12-21 00:31:39 | INFO | train | Step 780/5000 | buffer=780 | losses: value=1843800.4592, critic=1511958116.5030, actor=61.0035
2025-12-21 00:32:09 | INFO | train | Step 790/5000 | buffer=790 | losses: value=1823946.4813, critic=1497412162.5728, actor=60.2313
2025-12-21 00:32:40 | INFO | train | Step 800/5000 | buffer=800 | losses: value=1801334.7948, critic=1479333608.1903, actor=59.9594
2025-12-21 00:42:39 | INFO | train | Eval Episode 1/5 return=-4.000
2025-12-21 00:52:41 | INFO | train | Eval Episode 2/5 return=-4.000
2025-12-21 01:02:47 | INFO | train | Eval Episode 3/5 return=-4.000
2025-12-21 01:12:50 | INFO | train | Eval Episode 4/5 return=-4.000
2025-12-21 01:22:51 | INFO | train | Eval Episode 5/5 return=-4.000
2025-12-21 01:22:51 | INFO | train | Eval at step 800: {'avg_return': -4.0}
2025-12-21 01:22:54 | INFO | train | Episode 5 return=-4.000, length=200
2025-12-21 01:22:54 | INFO | train | Step 801/5000 | buffer=801 | losses: value=1799102.6865, critic=1477488578.8546, actor=59.9017
2025-12-21 01:23:25 | INFO | train | Step 811/5000 | buffer=811 | losses: value=1777318.9383, critic=1459284466.3013, actor=59.1631
2025-12-21 01:23:56 | INFO | train | Step 821/5000 | buffer=821 | losses: value=1757324.0721, critic=1451685809.9757, actor=58.4424
2025-12-21 01:24:27 | INFO | train | Step 831/5000 | buffer=831 | losses: value=1742635.7899, critic=1440599365.3350, actor=57.7392
2025-12-21 01:24:57 | INFO | train | Step 841/5000 | buffer=841 | losses: value=1723158.8421, critic=1424008510.0058, actor=58.0738
2025-12-21 01:25:25 | INFO | train | Step 850/5000 | buffer=850 | losses: value=1705264.4803, critic=1410713897.8968, actor=58.0647
2025-12-21 01:25:56 | INFO | train | Step 860/5000 | buffer=860 | losses: value=1686828.1232, critic=1396026372.5224, actor=57.3896
2025-12-21 01:26:26 | INFO | train | Step 870/5000 | buffer=870 | losses: value=1667793.0346, critic=1379992731.6837, actor=56.9519
2025-12-21 01:26:57 | INFO | train | Step 880/5000 | buffer=880 | losses: value=1649029.1287, critic=1366383612.0837, actor=56.5748
2025-12-21 01:27:28 | INFO | train | Step 890/5000 | buffer=890 | losses: value=1631806.1153, critic=1352604767.6514, actor=55.9391
2025-12-21 01:27:58 | INFO | train | Step 900/5000 | buffer=900 | losses: value=1614448.2722, critic=1342122486.6534, actor=55.3176
2025-12-21 01:28:29 | INFO | train | Step 910/5000 | buffer=910 | losses: value=1598663.2572, critic=1330703901.6552, actor=54.7097
2025-12-21 01:28:59 | INFO | train | Step 920/5000 | buffer=920 | losses: value=1582111.0231, critic=1319425041.2567, actor=54.1150
2025-12-21 01:29:30 | INFO | train | Step 930/5000 | buffer=930 | losses: value=1565934.0734, critic=1307916254.7911, actor=53.5332
2025-12-21 01:30:01 | INFO | train | Step 940/5000 | buffer=940 | losses: value=1549716.2689, critic=1296554347.7928, actor=52.9637
2025-12-21 01:30:32 | INFO | train | Step 950/5000 | buffer=950 | losses: value=1533782.0479, critic=1282914285.2596, actor=52.4061
2025-12-21 01:31:03 | INFO | train | Step 960/5000 | buffer=960 | losses: value=1517919.7732, critic=1269560356.2540, actor=52.2004
2025-12-21 01:31:33 | INFO | train | Step 970/5000 | buffer=970 | losses: value=1502494.4063, critic=1257974769.2615, actor=51.7188
2025-12-21 01:32:04 | INFO | train | Step 980/5000 | buffer=980 | losses: value=1487922.7093, critic=1247414545.1437, actor=51.1911
2025-12-21 01:32:35 | INFO | train | Step 990/5000 | buffer=990 | losses: value=1474453.0376, critic=1238427475.7666, actor=50.6740
2025-12-21 01:33:05 | INFO | train | Step 1000/5000 | buffer=1000 | losses: value=1460113.5047, critic=1228143895.4696, actor=50.2222
2025-12-21 01:43:06 | INFO | train | Eval Episode 1/5 return=-4.000
2025-12-21 01:52:59 | INFO | train | Eval Episode 2/5 return=-4.000
2025-12-21 02:03:21 | INFO | train | Eval Episode 3/5 return=-4.000
2025-12-21 02:13:51 | INFO | train | Eval Episode 4/5 return=-4.000
2025-12-21 02:24:07 | INFO | train | Eval Episode 5/5 return=-4.000
2025-12-21 02:24:07 | INFO | train | Eval at step 1000: {'avg_return': -4.0}
2025-12-21 02:24:07 | INFO | train | Saved policy checkpoint: C:\Users\rezno\Desktop\wta\wta\experiments/results/models\policy_step_1000.pt
2025-12-21 02:24:10 | INFO | train | Episode 6 return=-4.000, length=200
2025-12-21 02:24:10 | INFO | train | Step 1001/5000 | buffer=1001 | losses: value=1458679.2770, critic=1226917988.0100, actor=50.1720
2025-12-21 02:24:41 | INFO | train | Step 1011/5000 | buffer=1011 | losses: value=1444909.4511, critic=1216802800.2962, actor=49.6758
2025-12-21 02:25:12 | INFO | train | Step 1021/5000 | buffer=1021 | losses: value=1431178.4222, critic=1206819524.7154, actor=49.1960
2025-12-21 02:25:44 | INFO | train | Step 1031/5000 | buffer=1031 | losses: value=1417644.6426, critic=1196046884.7226, actor=48.7188
2025-12-21 02:26:16 | INFO | train | Step 1041/5000 | buffer=1041 | losses: value=1404610.4126, critic=1186374813.9052, actor=48.2508
2025-12-21 02:26:43 | INFO | train | Step 1050/5000 | buffer=1050 | losses: value=1392942.4283, critic=1178816932.8366, actor=47.8372
2025-12-21 02:27:14 | INFO | train | Step 1060/5000 | buffer=1060 | losses: value=1380719.4922, critic=1169380779.4975, actor=47.3859
2025-12-21 02:27:45 | INFO | train | Step 1070/5000 | buffer=1070 | losses: value=1368081.6067, critic=1160065357.3234, actor=47.1872
2025-12-21 02:28:16 | INFO | train | Step 1080/5000 | buffer=1080 | losses: value=1356404.7857, critic=1151673671.8613, actor=46.7502
2025-12-21 02:28:47 | INFO | train | Step 1090/5000 | buffer=1090 | losses: value=1344783.6883, critic=1143025982.0582, actor=46.3213
2025-12-21 02:29:18 | INFO | train | Step 1100/5000 | buffer=1100 | losses: value=1332782.7090, critic=1134077388.9513, actor=45.9502
2025-12-21 02:29:49 | INFO | train | Step 1110/5000 | buffer=1110 | losses: value=1321108.7256, critic=1124558660.3957, actor=45.5362
2025-12-21 02:30:20 | INFO | train | Step 1120/5000 | buffer=1120 | losses: value=1309453.0241, critic=1116241334.8973, actor=45.2471
2025-12-21 02:30:52 | INFO | train | Step 1130/5000 | buffer=1130 | losses: value=1298479.6783, critic=1107018233.0872, actor=44.8467
2025-12-21 02:31:23 | INFO | train | Step 1140/5000 | buffer=1140 | losses: value=1287354.3289, critic=1099201161.5833, actor=44.4533
2025-12-21 02:31:54 | INFO | train | Step 1150/5000 | buffer=1150 | losses: value=1276522.6966, critic=1090260517.7257, actor=44.0728
2025-12-21 02:32:25 | INFO | train | Step 1160/5000 | buffer=1160 | losses: value=1265592.8561, critic=1080866679.2176, actor=44.1691
2025-12-21 02:32:56 | INFO | train | Step 1170/5000 | buffer=1170 | losses: value=1254844.7577, critic=1071632255.9279, actor=44.0741
2025-12-21 02:33:27 | INFO | train | Step 1180/5000 | buffer=1180 | losses: value=1244301.4822, critic=1062554521.3408, actor=43.9485
2025-12-21 02:33:58 | INFO | train | Step 1190/5000 | buffer=1190 | losses: value=1233908.0978, critic=1053630041.2935, actor=43.9266
2025-12-21 02:34:30 | INFO | train | Step 1200/5000 | buffer=1200 | losses: value=1223790.5647, critic=1046489121.1928, actor=43.6329
2025-12-21 02:44:46 | INFO | train | Eval Episode 1/5 return=-4.000
2025-12-21 02:55:01 | INFO | train | Eval Episode 2/5 return=-4.000
2025-12-21 03:05:15 | INFO | train | Eval Episode 3/5 return=-4.000
2025-12-21 03:15:25 | INFO | train | Eval Episode 4/5 return=-4.000
2025-12-21 03:25:37 | INFO | train | Eval Episode 5/5 return=-4.000
2025-12-21 03:25:37 | INFO | train | Eval at step 1200: {'avg_return': -4.0}
2025-12-21 03:25:41 | INFO | train | Episode 7 return=-4.000, length=200
2025-12-21 03:25:41 | INFO | train | Step 1201/5000 | buffer=1201 | losses: value=1222826.7385, critic=1045617943.2250, actor=43.5966
2025-12-21 03:26:12 | INFO | train | Step 1211/5000 | buffer=1211 | losses: value=1213152.6553, critic=1036986293.5259, actor=43.3386
2025-12-21 03:26:43 | INFO | train | Step 1221/5000 | buffer=1221 | losses: value=1203284.0061, critic=1029014337.0549, actor=43.5130
2025-12-21 03:27:14 | INFO | train | Step 1230/5000 | buffer=1230 | losses: value=1194811.3166, critic=1022998487.8295, actor=43.1946
2025-12-21 03:27:45 | INFO | train | Step 1240/5000 | buffer=1240 | losses: value=1185692.8586, critic=1015239436.4913, actor=42.8684
2025-12-21 03:28:16 | INFO | train | Step 1250/5000 | buffer=1250 | losses: value=1176269.0362, critic=1007524902.9243, actor=42.9868
2025-12-21 03:28:47 | INFO | train | Step 1260/5000 | buffer=1260 | losses: value=1167123.8880, critic=999995215.3639, actor=42.7055
2025-12-21 03:29:18 | INFO | train | Step 1270/5000 | buffer=1270 | losses: value=1158123.5136, critic=992578200.6472, actor=42.4071
2025-12-21 03:29:49 | INFO | train | Step 1280/5000 | buffer=1280 | losses: value=1149269.1939, critic=985835990.5012, actor=42.1779
2025-12-21 03:30:20 | INFO | train | Step 1290/5000 | buffer=1290 | losses: value=1140474.7351, critic=978623053.7560, actor=42.0425
2025-12-21 03:30:51 | INFO | train | Step 1300/5000 | buffer=1300 | losses: value=1131832.8516, critic=971516067.1189, actor=41.7884
2025-12-21 03:31:23 | INFO | train | Step 1310/5000 | buffer=1310 | losses: value=1123308.2247, critic=965026976.9495, actor=41.5502
2025-12-21 03:31:54 | INFO | train | Step 1320/5000 | buffer=1320 | losses: value=1114948.0726, critic=957718524.3399, actor=41.2930
2025-12-21 03:32:25 | INFO | train | Step 1330/5000 | buffer=1330 | losses: value=1106698.5835, critic=951295147.3143, actor=41.1065
2025-12-21 03:32:57 | INFO | train | Step 1340/5000 | buffer=1340 | losses: value=1098570.1753, critic=944575536.2276, actor=40.9023
2025-12-21 03:33:28 | INFO | train | Step 1350/5000 | buffer=1350 | losses: value=1090485.3468, critic=937946253.3814, actor=40.9220
2025-12-21 03:33:58 | INFO | train | Step 1360/5000 | buffer=1360 | losses: value=1083118.9502, critic=933186956.6317, actor=40.6314
2025-12-21 03:34:29 | INFO | train | Step 1370/5000 | buffer=1370 | losses: value=1075697.7672, critic=927058915.0264, actor=40.3851
2025-12-21 03:35:00 | INFO | train | Step 1380/5000 | buffer=1380 | losses: value=1067951.7226, critic=920344770.8757, actor=40.5683
2025-12-21 03:35:32 | INFO | train | Step 1390/5000 | buffer=1390 | losses: value=1060493.1470, critic=914370359.7726, actor=40.3111
2025-12-21 03:36:03 | INFO | train | Step 1400/5000 | buffer=1400 | losses: value=1053021.5672, critic=908553225.0786, actor=40.1775
2025-12-21 03:46:19 | INFO | train | Eval Episode 1/5 return=-4.000
2025-12-21 03:56:30 | INFO | train | Eval Episode 2/5 return=-4.000
2025-12-21 04:06:44 | INFO | train | Eval Episode 3/5 return=-4.000
2025-12-21 04:16:55 | INFO | train | Eval Episode 4/5 return=-4.000
2025-12-21 04:27:12 | INFO | train | Eval Episode 5/5 return=-4.000
2025-12-21 04:27:12 | INFO | train | Eval at step 1400: {'avg_return': -4.0}
2025-12-21 04:27:15 | INFO | train | Episode 8 return=-4.000, length=200
2025-12-21 04:27:15 | INFO | train | Step 1401/5000 | buffer=1401 | losses: value=1052282.2042, critic=907904885.0564, actor=40.1537
2025-12-21 04:27:46 | INFO | train | Step 1411/5000 | buffer=1411 | losses: value=1044927.1991, critic=901775050.8489, actor=39.9823
2025-12-21 04:28:18 | INFO | train | Step 1421/5000 | buffer=1421 | losses: value=1037625.3965, critic=895724730.6347, actor=40.0158
2025-12-21 04:28:50 | INFO | train | Step 1431/5000 | buffer=1431 | losses: value=1030483.5676, critic=889755020.0575, actor=39.8413
2025-12-21 04:29:22 | INFO | train | Step 1441/5000 | buffer=1441 | losses: value=1023595.6081, critic=884989525.7139, actor=39.5848
2025-12-21 04:29:50 | INFO | train | Step 1450/5000 | buffer=1450 | losses: value=1017492.9624, critic=879768134.6543, actor=39.3912
2025-12-21 04:30:21 | INFO | train | Step 1460/5000 | buffer=1460 | losses: value=1010565.1135, critic=874009585.5473, actor=39.4081
2025-12-21 04:30:53 | INFO | train | Step 1470/5000 | buffer=1470 | losses: value=1003750.1378, critic=868138697.0359, actor=39.3471
2025-12-21 04:31:24 | INFO | train | Step 1480/5000 | buffer=1480 | losses: value=997010.9267, critic=862346043.5465, actor=39.3691
2025-12-21 04:31:55 | INFO | train | Step 1490/5000 | buffer=1490 | losses: value=990363.2137, critic=856560313.1034, actor=39.3234
2025-12-21 04:32:27 | INFO | train | Step 1500/5000 | buffer=1500 | losses: value=983820.1126, critic=851095761.8374, actor=39.2452
2025-12-21 04:32:59 | INFO | train | Step 1510/5000 | buffer=1510 | losses: value=977354.8673, critic=845699867.7376, actor=39.2315
2025-12-21 04:33:30 | INFO | train | Step 1520/5000 | buffer=1520 | losses: value=970983.3299, critic=840371285.4224, actor=39.1404
2025-12-21 04:34:01 | INFO | train | Step 1530/5000 | buffer=1530 | losses: value=964700.8628, critic=835109615.6420, actor=39.0601
2025-12-21 04:34:32 | INFO | train | Step 1540/5000 | buffer=1540 | losses: value=958495.3750, critic=829913157.0810, actor=39.0147
2025-12-21 04:35:03 | INFO | train | Step 1550/5000 | buffer=1550 | losses: value=952358.2730, critic=824779930.4482, actor=39.0394
2025-12-21 04:35:34 | INFO | train | Step 1560/5000 | buffer=1560 | losses: value=946332.4251, critic=820137531.7758, actor=38.9337
2025-12-21 04:36:05 | INFO | train | Step 1570/5000 | buffer=1570 | losses: value=940480.7398, critic=815124831.6396, actor=38.7101
2025-12-21 04:36:36 | INFO | train | Step 1580/5000 | buffer=1580 | losses: value=934576.2466, critic=810375749.1081, actor=38.7477
2025-12-21 04:37:08 | INFO | train | Step 1590/5000 | buffer=1590 | losses: value=928779.9425, critic=805478474.1438, actor=38.6071
2025-12-21 04:37:39 | INFO | train | Step 1600/5000 | buffer=1600 | losses: value=923011.5474, critic=800445877.3485, actor=38.6826
2025-12-21 04:47:54 | INFO | train | Eval Episode 1/5 return=-4.000
2025-12-21 04:58:10 | INFO | train | Eval Episode 2/5 return=-4.000
2025-12-21 05:08:37 | INFO | train | Eval Episode 3/5 return=-4.000
2025-12-21 05:18:16 | INFO | train | Eval Episode 4/5 return=-4.000
2025-12-21 05:28:16 | INFO | train | Eval Episode 5/5 return=-4.000
2025-12-21 05:28:16 | INFO | train | Eval at step 1600: {'avg_return': -4.0}
2025-12-21 05:28:19 | INFO | train | Episode 9 return=-4.000, length=200
2025-12-21 05:28:19 | INFO | train | Step 1601/5000 | buffer=1601 | losses: value=922439.2312, critic=799946088.7753, actor=38.6885
2025-12-21 05:28:50 | INFO | train | Step 1611/5000 | buffer=1611 | losses: value=916755.2476, critic=795171818.4736, actor=38.6856
2025-12-21 05:29:21 | INFO | train | Step 1621/5000 | buffer=1621 | losses: value=911223.6142, critic=790641589.4963, actor=38.4784
2025-12-21 05:29:53 | INFO | train | Step 1631/5000 | buffer=1631 | losses: value=905688.5721, critic=786030004.9179, actor=38.5220
2025-12-21 05:30:24 | INFO | train | Step 1641/5000 | buffer=1641 | losses: value=900233.6919, critic=781647001.1734, actor=38.4672
2025-12-21 05:30:53 | INFO | train | Step 1650/5000 | buffer=1650 | losses: value=895429.1112, critic=777730109.9305, actor=38.3117
2025-12-21 05:31:24 | INFO | train | Step 1660/5000 | buffer=1660 | losses: value=890091.1661, critic=773264305.8800, actor=38.2588
2025-12-21 05:31:55 | INFO | train | Step 1670/5000 | buffer=1670 | losses: value=884802.8831, critic=768800165.5210, actor=38.2601
2025-12-21 05:32:27 | INFO | train | Step 1680/5000 | buffer=1680 | losses: value=879596.1101, critic=764707033.9490, actor=38.1868
2025-12-21 05:32:58 | INFO | train | Step 1690/5000 | buffer=1690 | losses: value=874476.3705, critic=760338619.1739, actor=38.0943
2025-12-21 05:33:29 | INFO | train | Step 1700/5000 | buffer=1700 | losses: value=869365.8149, critic=756171936.7443, actor=38.1473
2025-12-21 05:34:00 | INFO | train | Step 1710/5000 | buffer=1710 | losses: value=864507.5640, critic=752200484.2334, actor=37.9282
2025-12-21 05:34:31 | INFO | train | Step 1720/5000 | buffer=1720 | losses: value=859547.9961, critic=747828788.0533, actor=38.1295
2025-12-21 05:35:02 | INFO | train | Step 1730/5000 | buffer=1730 | losses: value=854639.2332, critic=743648900.5676, actor=38.0966
2025-12-21 05:35:33 | INFO | train | Step 1740/5000 | buffer=1740 | losses: value=849802.0709, critic=739792044.9959, actor=37.9650
2025-12-21 05:36:05 | INFO | train | Step 1750/5000 | buffer=1750 | losses: value=844987.1371, critic=735565823.2173, actor=38.0029
2025-12-21 05:36:36 | INFO | train | Step 1760/5000 | buffer=1760 | losses: value=840237.8853, critic=731652596.7813, actor=37.9860
2025-12-21 05:37:07 | INFO | train | Step 1770/5000 | buffer=1770 | losses: value=835563.5859, critic=727906375.7582, actor=37.8961
2025-12-21 05:37:38 | INFO | train | Step 1780/5000 | buffer=1780 | losses: value=830916.6186, critic=723943543.8427, actor=37.8416
2025-12-21 05:38:09 | INFO | train | Step 1790/5000 | buffer=1790 | losses: value=826306.1340, critic=720022835.8176, actor=37.8757
2025-12-21 05:38:40 | INFO | train | Step 1800/5000 | buffer=1800 | losses: value=821751.3647, critic=716023566.4012, actor=37.8842
2025-12-21 05:48:54 | INFO | train | Eval Episode 1/5 return=-4.000
2025-12-21 05:59:08 | INFO | train | Eval Episode 2/5 return=-4.000
2025-12-21 06:09:21 | INFO | train | Eval Episode 3/5 return=-4.000
2025-12-21 06:19:33 | INFO | train | Eval Episode 4/5 return=-4.000
2025-12-21 06:29:47 | INFO | train | Eval Episode 5/5 return=-4.000
2025-12-21 06:29:47 | INFO | train | Eval at step 1800: {'avg_return': -4.0}
2025-12-21 06:29:50 | INFO | train | Episode 10 return=-4.000, length=200
2025-12-21 06:29:50 | INFO | train | Step 1801/5000 | buffer=1801 | losses: value=821297.7930, critic=715626096.0857, actor=37.8899
2025-12-21 06:30:21 | INFO | train | Step 1811/5000 | buffer=1811 | losses: value=816787.5641, critic=711675527.7998, actor=37.9727
2025-12-21 06:30:52 | INFO | train | Step 1821/5000 | buffer=1821 | losses: value=812330.0577, critic=708000848.6248, actor=37.9844
2025-12-21 06:31:23 | INFO | train | Step 1831/5000 | buffer=1831 | losses: value=807943.7909, critic=704134812.1968, actor=37.9307
2025-12-21 06:31:55 | INFO | train | Step 1841/5000 | buffer=1841 | losses: value=803589.4864, critic=700647585.1409, actor=37.9453
2025-12-21 06:32:23 | INFO | train | Step 1850/5000 | buffer=1850 | losses: value=799739.1615, critic=697489628.0877, actor=37.8201
2025-12-21 06:32:54 | INFO | train | Step 1860/5000 | buffer=1860 | losses: value=795478.2043, critic=693847194.4387, actor=37.8288
2025-12-21 06:33:24 | INFO | train | Step 1870/5000 | buffer=1870 | losses: value=791270.0050, critic=690346539.2908, actor=37.7624
2025-12-21 06:33:55 | INFO | train | Step 1880/5000 | buffer=1880 | losses: value=787105.1435, critic=686907236.2522, actor=37.7405
2025-12-21 06:34:26 | INFO | train | Step 1890/5000 | buffer=1890 | losses: value=782978.6495, critic=683373233.5895, actor=37.7189
2025-12-21 06:34:57 | INFO | train | Step 1900/5000 | buffer=1900 | losses: value=778882.4376, critic=679804918.8753, actor=37.8131
2025-12-21 06:35:28 | INFO | train | Step 1910/5000 | buffer=1910 | losses: value=774830.7894, critic=676436467.3012, actor=37.8458
2025-12-21 06:35:59 | INFO | train | Step 1920/5000 | buffer=1920 | losses: value=770864.6803, critic=673193452.4319, actor=37.7287
2025-12-21 06:36:30 | INFO | train | Step 1930/5000 | buffer=1930 | losses: value=766903.1052, critic=669912677.4202, actor=37.7674
2025-12-21 06:37:01 | INFO | train | Step 1940/5000 | buffer=1940 | losses: value=762996.5681, critic=666723781.7108, actor=37.6543
2025-12-21 06:37:32 | INFO | train | Step 1950/5000 | buffer=1950 | losses: value=759116.3353, critic=663390795.7764, actor=37.6478
2025-12-21 06:38:03 | INFO | train | Step 1960/5000 | buffer=1960 | losses: value=755269.4695, critic=660006867.5987, actor=37.7120
2025-12-21 06:38:34 | INFO | train | Step 1970/5000 | buffer=1970 | losses: value=751458.7284, critic=656739430.7079, actor=37.7579
2025-12-21 06:39:05 | INFO | train | Step 1980/5000 | buffer=1980 | losses: value=747691.5473, critic=653446236.5487, actor=37.7738
2025-12-21 06:39:36 | INFO | train | Step 1990/5000 | buffer=1990 | losses: value=743964.6552, critic=650322646.4157, actor=37.7126
2025-12-21 06:40:07 | INFO | train | Step 2000/5000 | buffer=2000 | losses: value=740268.8627, critic=647149719.6746, actor=37.7255
2025-12-21 06:50:21 | INFO | train | Eval Episode 1/5 return=-4.000
2025-12-21 07:00:33 | INFO | train | Eval Episode 2/5 return=-4.000
2025-12-21 07:10:48 | INFO | train | Eval Episode 3/5 return=-4.000
2025-12-21 07:21:01 | INFO | train | Eval Episode 4/5 return=-4.000
2025-12-21 07:31:14 | INFO | train | Eval Episode 5/5 return=-4.000
2025-12-21 07:31:14 | INFO | train | Eval at step 2000: {'avg_return': -4.0}
2025-12-21 07:31:14 | INFO | train | Saved policy checkpoint: C:\Users\rezno\Desktop\wta\wta\experiments/results/models\policy_step_2000.pt
2025-12-21 07:31:17 | INFO | train | Episode 11 return=-4.000, length=200
2025-12-21 07:31:17 | INFO | train | Step 2001/5000 | buffer=2001 | losses: value=739900.7585, critic=646826368.8893, actor=37.7307
2025-12-21 07:31:49 | INFO | train | Step 2011/5000 | buffer=2011 | losses: value=736260.0383, critic=643763102.6532, actor=37.7104
2025-12-21 07:32:19 | INFO | train | Step 2021/5000 | buffer=2021 | losses: value=732651.1465, critic=640875786.3512, actor=37.6647
2025-12-21 07:32:50 | INFO | train | Step 2031/5000 | buffer=2031 | losses: value=729077.9234, critic=637720842.7334, actor=37.6675
2025-12-21 07:33:21 | INFO | train | Step 2041/5000 | buffer=2041 | losses: value=725537.0506, critic=634809020.8874, actor=37.6781
2025-12-21 07:33:49 | INFO | train | Step 2050/5000 | buffer=2050 | losses: value=722393.1683, critic=632091465.0929, actor=37.6465
2025-12-21 07:34:20 | INFO | train | Step 2060/5000 | buffer=2060 | losses: value=718919.1778, critic=629293578.0961, actor=37.6266
2025-12-21 07:34:51 | INFO | train | Step 2070/5000 | buffer=2070 | losses: value=715494.1648, critic=626450461.4395, actor=37.4999
2025-12-21 07:35:22 | INFO | train | Step 2080/5000 | buffer=2080 | losses: value=712082.5560, critic=623630142.6674, actor=37.4748
2025-12-21 07:35:53 | INFO | train | Step 2090/5000 | buffer=2090 | losses: value=708693.8434, critic=620646847.8631, actor=37.5688
2025-12-21 07:36:23 | INFO | train | Step 2100/5000 | buffer=2100 | losses: value=705339.5127, critic=617752052.6228, actor=37.5992
2025-12-21 07:36:54 | INFO | train | Step 2110/5000 | buffer=2110 | losses: value=702016.7148, critic=614824756.1409, actor=37.6521
2025-12-21 07:37:25 | INFO | train | Step 2120/5000 | buffer=2120 | losses: value=698751.4627, critic=612274357.7321, actor=37.5638
2025-12-21 07:37:56 | INFO | train | Step 2130/5000 | buffer=2130 | losses: value=695522.4990, critic=609456423.7982, actor=37.5705
2025-12-21 07:38:27 | INFO | train | Step 2140/5000 | buffer=2140 | losses: value=692288.4496, critic=606608992.9885, actor=37.6531
2025-12-21 07:38:57 | INFO | train | Step 2150/5000 | buffer=2150 | losses: value=689085.4740, critic=603803317.0681, actor=37.6796
2025-12-21 07:39:28 | INFO | train | Step 2160/5000 | buffer=2160 | losses: value=685910.0202, critic=601008364.7996, actor=37.7753
2025-12-21 07:39:59 | INFO | train | Step 2170/5000 | buffer=2170 | losses: value=682766.1203, critic=598291900.4539, actor=37.7806
2025-12-21 07:40:30 | INFO | train | Step 2180/5000 | buffer=2180 | losses: value=679648.1837, critic=595599818.8280, actor=37.8042
2025-12-21 07:41:01 | INFO | train | Step 2190/5000 | buffer=2190 | losses: value=676565.6253, critic=592982721.1739, actor=37.7626
2025-12-21 07:41:32 | INFO | train | Step 2200/5000 | buffer=2200 | losses: value=673503.0823, critic=590287786.4910, actor=37.8325
2025-12-21 07:51:44 | INFO | train | Eval Episode 1/5 return=-4.000
2025-12-21 08:01:59 | INFO | train | Eval Episode 2/5 return=-4.000
2025-12-21 08:12:14 | INFO | train | Eval Episode 3/5 return=-4.000
2025-12-21 08:22:24 | INFO | train | Eval Episode 4/5 return=-4.000
2025-12-21 08:32:37 | INFO | train | Eval Episode 5/5 return=-4.000
2025-12-21 08:32:37 | INFO | train | Eval at step 2200: {'avg_return': -4.0}
2025-12-21 08:32:41 | INFO | train | Episode 12 return=-4.000, length=200
2025-12-21 08:32:41 | INFO | train | Step 2201/5000 | buffer=2201 | losses: value=673198.9729, critic=590019644.4511, actor=37.8374
2025-12-21 08:33:12 | INFO | train | Step 2211/5000 | buffer=2211 | losses: value=670192.1639, critic=587562122.0239, actor=37.7636
2025-12-21 08:33:42 | INFO | train | Step 2221/5000 | buffer=2221 | losses: value=667204.8916, critic=584917113.4728, actor=37.8744
2025-12-21 08:34:13 | INFO | train | Step 2231/5000 | buffer=2231 | losses: value=664235.2498, critic=582342608.5249, actor=37.9017
2025-12-21 08:34:45 | INFO | train | Step 2241/5000 | buffer=2241 | losses: value=661290.7321, critic=579744395.9395, actor=37.9661
2025-12-21 08:35:13 | INFO | train | Step 2250/5000 | buffer=2250 | losses: value=658660.3268, critic=577471463.9946, actor=37.9894
2025-12-21 08:35:44 | INFO | train | Step 2260/5000 | buffer=2260 | losses: value=655764.6546, critic=575051024.4901, actor=37.9675
2025-12-21 08:36:15 | INFO | train | Step 2270/5000 | buffer=2270 | losses: value=652892.6060, critic=572574505.3442, actor=37.9967
2025-12-21 08:36:46 | INFO | train | Step 2280/5000 | buffer=2280 | losses: value=650045.6646, critic=570149532.1987, actor=38.0022
2025-12-21 08:37:17 | INFO | train | Step 2290/5000 | buffer=2290 | losses: value=647221.3875, critic=567660165.2330, actor=38.0661
2025-12-21 08:37:48 | INFO | train | Step 2300/5000 | buffer=2300 | losses: value=644419.6918, critic=565233655.5622, actor=38.0989
2025-12-21 08:38:19 | INFO | train | Step 2310/5000 | buffer=2310 | losses: value=641653.1344, critic=562961229.1853, actor=38.0529
2025-12-21 08:38:50 | INFO | train | Step 2320/5000 | buffer=2320 | losses: value=638922.5468, critic=560693304.6225, actor=37.9902
2025-12-21 08:39:22 | INFO | train | Step 2330/5000 | buffer=2330 | losses: value=636192.2061, critic=558287280.1083, actor=38.0638
2025-12-21 08:39:53 | INFO | train | Step 2340/5000 | buffer=2340 | losses: value=633489.2660, critic=555939312.4481, actor=38.0867
2025-12-21 08:40:24 | INFO | train | Step 2350/5000 | buffer=2350 | losses: value=630807.9846, critic=553610671.3051, actor=38.1587
2025-12-21 08:40:55 | INFO | train | Step 2360/5000 | buffer=2360 | losses: value=628155.1585, critic=551409495.7397, actor=38.1148
2025-12-21 08:41:27 | INFO | train | Step 2370/5000 | buffer=2370 | losses: value=625522.2965, critic=549083157.3986, actor=38.1368
2025-12-21 08:41:58 | INFO | train | Step 2380/5000 | buffer=2380 | losses: value=622913.5125, critic=546855535.9389, actor=38.1665
2025-12-21 08:42:29 | INFO | train | Step 2390/5000 | buffer=2390 | losses: value=620322.1016, critic=544601537.6327, actor=38.2170
2025-12-21 08:42:59 | INFO | train | Step 2400/5000 | buffer=2400 | losses: value=617751.7133, critic=542366008.8658, actor=38.2638
2025-12-21 08:53:14 | INFO | train | Eval Episode 1/5 return=-4.000
2025-12-21 09:03:26 | INFO | train | Eval Episode 2/5 return=-4.000
2025-12-21 09:13:40 | INFO | train | Eval Episode 3/5 return=-4.000
2025-12-21 09:23:49 | INFO | train | Eval Episode 4/5 return=-4.000
2025-12-21 09:33:59 | INFO | train | Eval Episode 5/5 return=-4.000
2025-12-21 09:33:59 | INFO | train | Eval at step 2400: {'avg_return': -4.0}
2025-12-21 09:34:02 | INFO | train | Episode 13 return=-4.000, length=200
2025-12-21 09:34:02 | INFO | train | Step 2401/5000 | buffer=2401 | losses: value=617495.5751, critic=542173034.3714, actor=38.2631
2025-12-21 09:34:33 | INFO | train | Step 2411/5000 | buffer=2411 | losses: value=614946.5987, critic=540030822.6249, actor=38.2868
2025-12-21 09:35:05 | INFO | train | Step 2421/5000 | buffer=2421 | losses: value=612427.0468, critic=537832078.2484, actor=38.2736
2025-12-21 09:35:36 | INFO | train | Step 2431/5000 | buffer=2431 | losses: value=609921.8755, critic=535713112.4713, actor=38.2659
2025-12-21 09:36:07 | INFO | train | Step 2441/5000 | buffer=2441 | losses: value=607436.4316, critic=533638728.3383, actor=38.2846
2025-12-21 09:36:35 | INFO | train | Step 2450/5000 | buffer=2450 | losses: value=605219.8766, critic=531707685.1598, actor=38.3121
2025-12-21 09:37:06 | INFO | train | Step 2460/5000 | buffer=2460 | losses: value=602769.2804, critic=529575324.7410, actor=38.3338
2025-12-21 09:37:38 | INFO | train | Step 2470/5000 | buffer=2470 | losses: value=600342.2107, critic=527543401.6991, actor=38.3130
2025-12-21 09:38:09 | INFO | train | Step 2480/5000 | buffer=2480 | losses: value=597938.6856, critic=525443939.4341, actor=38.3223
2025-12-21 09:38:40 | INFO | train | Step 2490/5000 | buffer=2490 | losses: value=595550.2031, critic=523368296.7196, actor=38.3583
2025-12-21 09:39:11 | INFO | train | Step 2500/5000 | buffer=2500 | losses: value=593178.1525, critic=521301064.3637, actor=38.4155
2025-12-21 09:39:42 | INFO | train | Step 2510/5000 | buffer=2510 | losses: value=590829.6517, critic=519301472.9814, actor=38.3652
2025-12-21 09:40:14 | INFO | train | Step 2520/5000 | buffer=2520 | losses: value=588493.9853, critic=517240991.1036, actor=38.4282
2025-12-21 09:40:45 | INFO | train | Step 2530/5000 | buffer=2530 | losses: value=586182.4122, critic=515253164.0737, actor=38.3859
2025-12-21 09:41:16 | INFO | train | Step 2540/5000 | buffer=2540 | losses: value=583883.3217, critic=513248891.2888, actor=38.4632
2025-12-21 09:41:47 | INFO | train | Step 2550/5000 | buffer=2550 | losses: value=581603.6943, critic=511236307.5175, actor=38.4533
2025-12-21 09:42:19 | INFO | train | Step 2560/5000 | buffer=2560 | losses: value=579340.0677, critic=509262955.5799, actor=38.5212
2025-12-21 09:42:50 | INFO | train | Step 2570/5000 | buffer=2570 | losses: value=577093.8140, critic=507281557.3908, actor=38.5646
2025-12-21 09:43:21 | INFO | train | Step 2580/5000 | buffer=2580 | losses: value=574867.8121, critic=505344893.1975, actor=38.6009
2025-12-21 09:43:52 | INFO | train | Step 2590/5000 | buffer=2590 | losses: value=572656.8656, critic=503393955.0935, actor=38.6746
2025-12-21 09:44:23 | INFO | train | Step 2600/5000 | buffer=2600 | losses: value=570463.0320, critic=501457993.6310, actor=38.7036
2025-12-21 09:54:37 | INFO | train | Eval Episode 1/5 return=-4.000
2025-12-21 10:04:51 | INFO | train | Eval Episode 2/5 return=-4.000
2025-12-21 10:15:04 | INFO | train | Eval Episode 3/5 return=-4.000
2025-12-21 10:25:16 | INFO | train | Eval Episode 4/5 return=-4.000
2025-12-21 10:35:32 | INFO | train | Eval Episode 5/5 return=-4.000
2025-12-21 10:35:32 | INFO | train | Eval at step 2600: {'avg_return': -4.0}
2025-12-21 10:35:35 | INFO | train | Episode 14 return=-4.000, length=200
2025-12-21 10:35:35 | INFO | train | Step 2601/5000 | buffer=2601 | losses: value=570244.3806, critic=501265220.7161, actor=38.7101
2025-12-21 10:36:06 | INFO | train | Step 2611/5000 | buffer=2611 | losses: value=568068.3417, critic=499367548.5225, actor=38.7388
2025-12-21 10:36:38 | INFO | train | Step 2621/5000 | buffer=2621 | losses: value=565908.8423, critic=497505487.3476, actor=38.7971
2025-12-21 10:37:08 | INFO | train | Step 2631/5000 | buffer=2631 | losses: value=563768.9092, critic=495662996.7495, actor=38.7627
2025-12-21 10:37:39 | INFO | train | Step 2641/5000 | buffer=2641 | losses: value=561641.6567, critic=493827755.1478, actor=38.7966
2025-12-21 10:38:07 | INFO | train | Step 2650/5000 | buffer=2650 | losses: value=559741.0924, critic=492150755.7799, actor=38.8334
2025-12-21 10:38:38 | INFO | train | Step 2660/5000 | buffer=2660 | losses: value=557645.2054, critic=490320760.6673, actor=38.8906
2025-12-21 10:39:09 | INFO | train | Step 2670/5000 | buffer=2670 | losses: value=555563.0255, critic=488504130.0380, actor=38.9118
2025-12-21 10:39:41 | INFO | train | Step 2680/5000 | buffer=2680 | losses: value=553497.1545, critic=486700718.9449, actor=38.9747
2025-12-21 10:40:12 | INFO | train | Step 2690/5000 | buffer=2690 | losses: value=551449.2299, critic=484948410.0271, actor=38.9646
2025-12-21 10:40:43 | INFO | train | Step 2700/5000 | buffer=2700 | losses: value=549414.5408, critic=483171145.1292, actor=39.0073
2025-12-21 10:41:14 | INFO | train | Step 2710/5000 | buffer=2710 | losses: value=547393.7010, critic=481388369.5633, actor=39.0377
2025-12-21 10:41:45 | INFO | train | Step 2720/5000 | buffer=2720 | losses: value=545387.6989, critic=479636626.3102, actor=39.0941
2025-12-21 10:42:16 | INFO | train | Step 2730/5000 | buffer=2730 | losses: value=543396.1499, critic=477879865.7002, actor=39.1476
2025-12-21 10:42:47 | INFO | train | Step 2740/5000 | buffer=2740 | losses: value=541419.5394, critic=476170683.0647, actor=39.1477
2025-12-21 10:43:19 | INFO | train | Step 2750/5000 | buffer=2750 | losses: value=539455.9675, critic=474439300.6836, actor=39.2028
2025-12-21 10:43:50 | INFO | train | Step 2760/5000 | buffer=2760 | losses: value=537506.5983, critic=472754019.4285, actor=39.2553
2025-12-21 10:44:21 | INFO | train | Step 2770/5000 | buffer=2770 | losses: value=535574.0161, critic=471063926.1832, actor=39.2604
2025-12-21 10:44:52 | INFO | train | Step 2780/5000 | buffer=2780 | losses: value=533654.0114, critic=469434360.9612, actor=39.2559
2025-12-21 10:45:23 | INFO | train | Step 2790/5000 | buffer=2790 | losses: value=531747.6841, critic=467767707.1134, actor=39.2682
2025-12-21 10:45:54 | INFO | train | Step 2800/5000 | buffer=2800 | losses: value=529856.2570, critic=466143674.7964, actor=39.2538
2025-12-21 10:56:07 | INFO | train | Eval Episode 1/5 return=-4.000
2025-12-21 11:06:18 | INFO | train | Eval Episode 2/5 return=-4.000
2025-12-21 11:16:29 | INFO | train | Eval Episode 3/5 return=-4.000
2025-12-21 11:26:38 | INFO | train | Eval Episode 4/5 return=-4.000
2025-12-21 11:36:48 | INFO | train | Eval Episode 5/5 return=-4.000
2025-12-21 11:36:48 | INFO | train | Eval at step 2800: {'avg_return': -4.0}
2025-12-21 11:36:51 | INFO | train | Episode 15 return=-4.000, length=200
2025-12-21 11:36:51 | INFO | train | Step 2801/5000 | buffer=2801 | losses: value=529667.7695, critic=465977265.3726, actor=39.2545
2025-12-21 11:37:22 | INFO | train | Step 2811/5000 | buffer=2811 | losses: value=527788.6945, critic=464349489.4778, actor=39.3266
2025-12-21 11:37:54 | INFO | train | Step 2821/5000 | buffer=2821 | losses: value=525927.7704, critic=462747266.6459, actor=39.2578
2025-12-21 11:38:25 | INFO | train | Step 2831/5000 | buffer=2831 | losses: value=524074.1629, critic=461112834.1926, actor=39.2940
2025-12-21 11:38:57 | INFO | train | Step 2841/5000 | buffer=2841 | losses: value=522233.9791, critic=459503820.6438, actor=39.3520
2025-12-21 11:39:25 | INFO | train | Step 2850/5000 | buffer=2850 | losses: value=520588.8347, critic=458052844.5550, actor=39.3517
2025-12-21 11:39:56 | INFO | train | Step 2860/5000 | buffer=2860 | losses: value=518773.6011, critic=456478569.8286, actor=39.3685
2025-12-21 11:40:27 | INFO | train | Step 2870/5000 | buffer=2870 | losses: value=516970.2217, critic=454901570.0632, actor=39.4075
2025-12-21 11:40:58 | INFO | train | Step 2880/5000 | buffer=2880 | losses: value=515178.8670, critic=453322159.4869, actor=39.4489
2025-12-21 11:41:29 | INFO | train | Step 2890/5000 | buffer=2890 | losses: value=513400.7018, critic=451779480.9035, actor=39.4725
2025-12-21 11:42:01 | INFO | train | Step 2900/5000 | buffer=2900 | losses: value=511634.3808, critic=450234404.0201, actor=39.5052
2025-12-21 11:42:31 | INFO | train | Step 2910/5000 | buffer=2910 | losses: value=509880.0544, critic=448699813.3132, actor=39.5067
2025-12-21 11:43:02 | INFO | train | Step 2920/5000 | buffer=2920 | losses: value=508138.5329, critic=447199850.3961, actor=39.5351
2025-12-21 11:43:33 | INFO | train | Step 2930/5000 | buffer=2930 | losses: value=506413.4278, critic=445721614.5864, actor=39.4537
2025-12-21 11:44:04 | INFO | train | Step 2940/5000 | buffer=2940 | losses: value=504695.5795, critic=444228815.3498, actor=39.4960
2025-12-21 11:44:35 | INFO | train | Step 2950/5000 | buffer=2950 | losses: value=502988.8506, critic=442734320.9935, actor=39.5303
2025-12-21 11:45:06 | INFO | train | Step 2960/5000 | buffer=2960 | losses: value=501292.8945, critic=441260644.1479, actor=39.5670
2025-12-21 11:45:37 | INFO | train | Step 2970/5000 | buffer=2970 | losses: value=499608.5109, critic=439775003.7790, actor=39.5816
2025-12-21 11:46:08 | INFO | train | Step 2980/5000 | buffer=2980 | losses: value=497935.3735, critic=438299342.1459, actor=39.6122
2025-12-21 11:46:39 | INFO | train | Step 2990/5000 | buffer=2990 | losses: value=496275.4303, critic=436875511.9473, actor=39.5802
2025-12-21 11:47:11 | INFO | train | Step 2999/5000 | buffer=2999 | losses: value=494788.8373, critic=435577734.1828, actor=39.6196
2025-12-21 11:47:14 | INFO | train | Step 3000/5000 | buffer=3000 | losses: value=494624.2652, critic=435442649.2381, actor=39.6247
2025-12-21 11:57:26 | INFO | train | Eval Episode 1/5 return=-4.000
2025-12-21 12:07:37 | INFO | train | Eval Episode 2/5 return=-4.000
2025-12-21 12:17:51 | INFO | train | Eval Episode 3/5 return=-4.000
2025-12-21 12:28:18 | INFO | train | Eval Episode 4/5 return=-4.000
2025-12-21 12:38:31 | INFO | train | Eval Episode 5/5 return=-4.000
2025-12-21 12:38:31 | INFO | train | Eval at step 3000: {'avg_return': -4.0}
2025-12-21 12:38:31 | INFO | train | Saved policy checkpoint: C:\Users\rezno\Desktop\wta\wta\experiments/results/models\policy_step_3000.pt
2025-12-21 12:38:34 | INFO | train | Episode 16 return=-4.000, length=200
2025-12-21 12:38:34 | INFO | train | Step 3001/5000 | buffer=3001 | losses: value=494459.7493, critic=435307627.5582, actor=39.6230
2025-12-21 12:39:05 | INFO | train | Step 3011/5000 | buffer=3011 | losses: value=492823.1967, critic=433871998.8068, actor=39.6070
2025-12-21 12:39:36 | INFO | train | Step 3021/5000 | buffer=3021 | losses: value=491195.6162, critic=432448345.9694, actor=39.6274
2025-12-21 12:40:08 | INFO | train | Step 3031/5000 | buffer=3031 | losses: value=489578.9595, critic=431031135.1453, actor=39.6528
2025-12-21 12:40:39 | INFO | train | Step 3041/5000 | buffer=3041 | losses: value=487974.7684, critic=429632525.5639, actor=39.6366
2025-12-21 12:41:07 | INFO | train | Step 3050/5000 | buffer=3050 | losses: value=486537.3348, critic=428364846.2074, actor=39.6985
2025-12-21 12:41:38 | INFO | train | Step 3060/5000 | buffer=3060 | losses: value=484950.0979, critic=426974019.9340, actor=39.6887
2025-12-21 12:42:09 | INFO | train | Step 3070/5000 | buffer=3070 | losses: value=483372.9352, critic=425601006.1456, actor=39.6955
2025-12-21 12:42:39 | INFO | train | Step 3080/5000 | buffer=3080 | losses: value=481806.0643, critic=424219257.0868, actor=39.7183
2025-12-21 12:43:11 | INFO | train | Step 3090/5000 | buffer=3090 | losses: value=480249.8131, critic=422872091.5412, actor=39.7280
2025-12-21 12:43:42 | INFO | train | Step 3100/5000 | buffer=3100 | losses: value=478703.2475, critic=421518779.5646, actor=39.7642
2025-12-21 12:44:13 | INFO | train | Step 3110/5000 | buffer=3110 | losses: value=477166.3874, critic=420163479.4143, actor=39.7700
2025-12-21 12:44:44 | INFO | train | Step 3120/5000 | buffer=3120 | losses: value=475639.0588, critic=418816872.9088, actor=39.8322
2025-12-21 12:45:15 | INFO | train | Step 3130/5000 | buffer=3130 | losses: value=474121.4669, critic=417505008.4685, actor=39.8553
2025-12-21 12:45:46 | INFO | train | Step 3140/5000 | buffer=3140 | losses: value=472615.9160, critic=416191104.9768, actor=39.7997
2025-12-21 12:46:18 | INFO | train | Step 3150/5000 | buffer=3150 | losses: value=471118.0294, critic=414892744.3477, actor=39.8102
2025-12-21 12:46:48 | INFO | train | Step 3160/5000 | buffer=3160 | losses: value=469631.0420, critic=413602235.8899, actor=39.7766
2025-12-21 12:47:19 | INFO | train | Step 3170/5000 | buffer=3170 | losses: value=468151.8806, critic=412311803.0303, actor=39.8028
2025-12-21 12:47:50 | INFO | train | Step 3180/5000 | buffer=3180 | losses: value=466682.4607, critic=411022263.4643, actor=39.8080
2025-12-21 12:48:21 | INFO | train | Step 3190/5000 | buffer=3190 | losses: value=465221.1985, critic=409747509.3810, actor=39.7879
2025-12-21 12:48:53 | INFO | train | Step 3200/5000 | buffer=3200 | losses: value=463769.1876, critic=408473878.7779, actor=39.7763
2025-12-21 12:59:06 | INFO | train | Eval Episode 1/5 return=-4.000
2025-12-21 13:09:17 | INFO | train | Eval Episode 2/5 return=-4.000
2025-12-21 13:19:30 | INFO | train | Eval Episode 3/5 return=-4.000
2025-12-21 13:29:42 | INFO | train | Eval Episode 4/5 return=-4.000
2025-12-21 13:39:53 | INFO | train | Eval Episode 5/5 return=-4.000
2025-12-21 13:39:53 | INFO | train | Eval at step 3200: {'avg_return': -4.0}
2025-12-21 13:39:56 | INFO | train | Episode 17 return=-4.000, length=200
2025-12-21 13:39:56 | INFO | train | Step 3201/5000 | buffer=3201 | losses: value=463624.4403, critic=408346278.3668, actor=39.7853
2025-12-21 13:40:27 | INFO | train | Step 3211/5000 | buffer=3211 | losses: value=462182.3084, critic=407094264.5282, actor=39.7885
2025-12-21 13:40:58 | INFO | train | Step 3221/5000 | buffer=3221 | losses: value=460749.4592, critic=405830446.9494, actor=39.8067
2025-12-21 13:41:29 | INFO | train | Step 3231/5000 | buffer=3231 | losses: value=459326.4628, critic=404590704.2579, actor=39.7694
2025-12-21 13:41:59 | INFO | train | Step 3241/5000 | buffer=3241 | losses: value=457910.5414, critic=403348589.0598, actor=39.8070
2025-12-21 13:42:27 | INFO | train | Step 3250/5000 | buffer=3250 | losses: value=456643.5653, critic=402231672.5835, actor=39.8311
2025-12-21 13:42:58 | INFO | train | Step 3260/5000 | buffer=3260 | losses: value=455244.1302, critic=401009799.3239, actor=39.8098
2025-12-21 13:43:29 | INFO | train | Step 3270/5000 | buffer=3270 | losses: value=453853.0941, critic=399789362.4532, actor=39.8149
2025-12-21 13:44:00 | INFO | train | Step 3280/5000 | buffer=3280 | losses: value=452470.6047, critic=398576279.2336, actor=39.8065
2025-12-21 13:44:32 | INFO | train | Step 3290/5000 | buffer=3290 | losses: value=451096.2646, critic=397370490.8974, actor=39.8260
2025-12-21 13:45:03 | INFO | train | Step 3300/5000 | buffer=3300 | losses: value=449730.5131, critic=396182969.3331, actor=39.8097
2025-12-21 13:45:34 | INFO | train | Step 3310/5000 | buffer=3310 | losses: value=448374.1996, critic=395002333.2010, actor=39.7507
2025-12-21 13:46:05 | INFO | train | Step 3320/5000 | buffer=3320 | losses: value=447024.8709, critic=393828303.7976, actor=39.7461
2025-12-21 13:46:37 | INFO | train | Step 3330/5000 | buffer=3330 | losses: value=445684.2770, critic=392650809.5151, actor=39.7387
2025-12-21 13:47:08 | INFO | train | Step 3340/5000 | buffer=3340 | losses: value=444350.9259, critic=391485195.0803, actor=39.7120
2025-12-21 13:47:38 | INFO | train | Step 3350/5000 | buffer=3350 | losses: value=443025.6969, critic=390326371.1838, actor=39.6984
2025-12-21 13:48:10 | INFO | train | Step 3360/5000 | buffer=3360 | losses: value=441708.1653, critic=389174258.1401, actor=39.6641
2025-12-21 13:48:41 | INFO | train | Step 3370/5000 | buffer=3370 | losses: value=440398.1597, critic=388019482.7646, actor=39.6848
2025-12-21 13:49:12 | INFO | train | Step 3380/5000 | buffer=3380 | losses: value=439095.9210, critic=386876114.0170, actor=39.6680
2025-12-21 13:49:43 | INFO | train | Step 3390/5000 | buffer=3390 | losses: value=437801.9440, critic=385748426.9511, actor=39.6200
2025-12-21 13:50:14 | INFO | train | Step 3400/5000 | buffer=3400 | losses: value=436514.8306, critic=384622681.7095, actor=39.6055
2025-12-21 14:00:24 | INFO | train | Eval Episode 1/5 return=-4.000
2025-12-21 14:10:35 | INFO | train | Eval Episode 2/5 return=-4.000
2025-12-21 14:20:50 | INFO | train | Eval Episode 3/5 return=-4.000
2025-12-21 14:30:58 | INFO | train | Eval Episode 4/5 return=-4.000
2025-12-21 14:41:07 | INFO | train | Eval Episode 5/5 return=-4.000
2025-12-21 14:41:07 | INFO | train | Eval at step 3400: {'avg_return': -4.0}
2025-12-21 14:41:11 | INFO | train | Episode 18 return=-4.000, length=200
2025-12-21 14:41:11 | INFO | train | Step 3401/5000 | buffer=3401 | losses: value=436386.5507, critic=384509594.7515, actor=39.6040
2025-12-21 14:41:41 | INFO | train | Step 3411/5000 | buffer=3411 | losses: value=435108.3444, critic=383395199.8173, actor=39.5581
2025-12-21 14:42:13 | INFO | train | Step 3421/5000 | buffer=3421 | losses: value=433837.1172, critic=382282843.7177, actor=39.5264
2025-12-21 14:42:43 | INFO | train | Step 3431/5000 | buffer=3431 | losses: value=432573.2123, critic=381172682.1257, actor=39.5345
2025-12-21 14:43:14 | INFO | train | Step 3441/5000 | buffer=3441 | losses: value=431317.3089, critic=380064975.4010, actor=39.4777
2025-12-21 14:43:42 | INFO | train | Step 3450/5000 | buffer=3450 | losses: value=430194.1242, critic=379088577.6328, actor=39.3922
2025-12-21 14:44:13 | INFO | train | Step 3460/5000 | buffer=3460 | losses: value=428956.1982, critic=378007292.8234, actor=39.3070
2025-12-21 14:44:44 | INFO | train | Step 3470/5000 | buffer=3470 | losses: value=427721.1159, critic=376917976.2919, actor=39.2404
2025-12-21 14:45:15 | INFO | train | Step 3480/5000 | buffer=3480 | losses: value=426492.7463, critic=375834913.6250, actor=39.1910
2025-12-21 14:45:46 | INFO | train | Step 3490/5000 | buffer=3490 | losses: value=425273.8808, critic=374769350.7030, actor=39.0945
2025-12-21 14:46:17 | INFO | train | Step 3500/5000 | buffer=3500 | losses: value=424068.9365, critic=373709050.7304, actor=39.0109
2025-12-21 14:46:48 | INFO | train | Step 3510/5000 | buffer=3510 | losses: value=422863.0464, critic=372646701.7063, actor=38.9641
2025-12-21 14:47:19 | INFO | train | Step 3520/5000 | buffer=3520 | losses: value=421663.7939, critic=371592140.6233, actor=38.8861
2025-12-21 14:47:50 | INFO | train | Step 3530/5000 | buffer=3530 | losses: value=420472.0582, critic=370543066.5167, actor=38.7929
2025-12-21 14:48:21 | INFO | train | Step 3540/5000 | buffer=3540 | losses: value=419285.1585, critic=369496364.7944, actor=38.7652
2025-12-21 14:48:52 | INFO | train | Step 3550/5000 | buffer=3550 | losses: value=418105.2099, critic=368455545.6137, actor=38.7115
2025-12-21 14:49:23 | INFO | train | Step 3560/5000 | buffer=3560 | losses: value=416939.0234, critic=367427148.5617, actor=38.6363
2025-12-21 14:49:54 | INFO | train | Step 3570/5000 | buffer=3570 | losses: value=415774.3759, critic=366399030.7134, actor=38.8018
2025-12-21 14:50:25 | INFO | train | Step 3580/5000 | buffer=3580 | losses: value=414617.9070, critic=365377505.5822, actor=38.7183
2025-12-21 14:50:55 | INFO | train | Step 3590/5000 | buffer=3590 | losses: value=413464.5031, critic=364360598.2014, actor=38.6480
2025-12-21 14:51:26 | INFO | train | Step 3600/5000 | buffer=3600 | losses: value=412319.1877, critic=363350738.2531, actor=38.5688
2025-12-21 15:01:35 | INFO | train | Eval Episode 1/5 return=-4.000
2025-12-21 15:11:46 | INFO | train | Eval Episode 2/5 return=-4.000
2025-12-21 15:21:49 | INFO | train | Eval Episode 3/5 return=-4.000
2025-12-21 15:31:44 | INFO | train | Eval Episode 4/5 return=-4.000
2025-12-21 15:41:33 | INFO | train | Eval Episode 5/5 return=-4.000
2025-12-21 15:41:33 | INFO | train | Eval at step 3600: {'avg_return': -4.0}
2025-12-21 15:41:36 | INFO | train | Episode 19 return=-4.000, length=200
2025-12-21 15:41:36 | INFO | train | Step 3601/5000 | buffer=3601 | losses: value=412204.7395, critic=363249838.0196, actor=38.5716
2025-12-21 15:42:07 | INFO | train | Step 3611/5000 | buffer=3611 | losses: value=411064.0363, critic=362243898.4572, actor=38.5968
2025-12-21 15:42:39 | INFO | train | Step 3621/5000 | buffer=3621 | losses: value=409929.5669, critic=361244023.1736, actor=38.5493
2025-12-21 15:43:10 | INFO | train | Step 3631/5000 | buffer=3631 | losses: value=408802.7994, critic=360250945.5008, actor=38.4633
2025-12-21 15:43:41 | INFO | train | Step 3641/5000 | buffer=3641 | losses: value=407680.7764, critic=359261526.5354, actor=38.4056
2025-12-21 15:44:09 | INFO | train | Step 3650/5000 | buffer=3650 | losses: value=406676.8264, critic=358376390.3268, actor=38.3406
2025-12-21 15:44:40 | INFO | train | Step 3660/5000 | buffer=3660 | losses: value=405566.3521, critic=357397725.2510, actor=38.2849
2025-12-21 15:45:11 | INFO | train | Step 3670/5000 | buffer=3670 | losses: value=404462.2005, critic=356424095.4780, actor=38.2691
2025-12-21 15:45:42 | INFO | train | Step 3680/5000 | buffer=3680 | losses: value=403363.8594, critic=355455725.4867, actor=38.2047
2025-12-21 15:46:13 | INFO | train | Step 3690/5000 | buffer=3690 | losses: value=402271.2142, critic=354492577.4395, actor=38.1558
2025-12-21 15:46:44 | INFO | train | Step 3700/5000 | buffer=3700 | losses: value=401184.3464, critic=353534492.7040, actor=38.1303
2025-12-21 15:47:15 | INFO | train | Step 3710/5000 | buffer=3710 | losses: value=400103.2641, critic=352581571.4157, actor=38.0984
2025-12-21 15:47:46 | INFO | train | Step 3720/5000 | buffer=3720 | losses: value=399027.9392, critic=351633772.8137, actor=38.0539
2025-12-21 15:48:18 | INFO | train | Step 3731/5000 | buffer=3731 | losses: value=397851.8443, critic=350597167.2134, actor=38.0139
2025-12-21 15:48:50 | INFO | train | Step 3742/5000 | buffer=3742 | losses: value=396682.5944, critic=349566551.7985, actor=37.9801
2025-12-21 15:49:13 | INFO | train | Step 3750/5000 | buffer=3750 | losses: value=395836.4978, critic=348820810.6394, actor=37.9476
2025-12-21 15:49:45 | INFO | train | Step 3761/5000 | buffer=3761 | losses: value=394679.1038, critic=347800653.4560, actor=37.9018
2025-12-21 15:50:18 | INFO | train | Step 3772/5000 | buffer=3772 | losses: value=393528.3568, critic=346786439.7334, actor=37.8429
2025-12-21 15:50:50 | INFO | train | Step 3783/5000 | buffer=3783 | losses: value=392384.3555, critic=345778114.8090, actor=37.7986
2025-12-21 15:51:22 | INFO | train | Step 3794/5000 | buffer=3794 | losses: value=391247.2586, critic=344775693.2769, actor=37.7934
2025-12-21 15:51:39 | INFO | train | Step 3800/5000 | buffer=3800 | losses: value=390629.6445, critic=344231311.7908, actor=37.9076
2025-12-21 16:01:42 | INFO | train | Eval Episode 1/5 return=-4.000
2025-12-21 16:11:36 | INFO | train | Eval Episode 2/5 return=-4.000
2025-12-21 16:21:49 | INFO | train | Eval Episode 3/5 return=-4.000
2025-12-21 16:31:36 | INFO | train | Eval Episode 4/5 return=-4.000
2025-12-21 16:41:35 | INFO | train | Eval Episode 5/5 return=-4.000
2025-12-21 16:41:35 | INFO | train | Eval at step 3800: {'avg_return': -4.0}
2025-12-21 16:41:38 | INFO | train | Episode 20 return=-4.000, length=200
2025-12-21 16:41:38 | INFO | train | Step 3801/5000 | buffer=3801 | losses: value=390526.8914, critic=344140748.5626, actor=37.9067
2025-12-21 16:42:09 | INFO | train | Step 3811/5000 | buffer=3811 | losses: value=389502.3742, critic=343237729.6092, actor=37.8929
2025-12-21 16:42:41 | INFO | train | Step 3821/5000 | buffer=3821 | losses: value=388483.2592, critic=342339474.6521, actor=37.8499
2025-12-21 16:43:11 | INFO | train | Step 3831/5000 | buffer=3831 | losses: value=387469.3530, critic=341445885.5820, actor=37.8749
2025-12-21 16:43:44 | INFO | train | Step 3842/5000 | buffer=3842 | losses: value=386360.1718, critic=340468307.8324, actor=37.8549
2025-12-21 16:44:07 | INFO | train | Step 3850/5000 | buffer=3850 | losses: value=385557.4581, critic=339760841.5329, actor=37.8357
2025-12-21 16:44:39 | INFO | train | Step 3861/5000 | buffer=3861 | losses: value=384459.1604, critic=338792893.8668, actor=37.7750
2025-12-21 16:45:11 | INFO | train | Step 3872/5000 | buffer=3872 | losses: value=383367.0503, critic=337830414.4432, actor=37.7357
2025-12-21 16:45:43 | INFO | train | Step 3883/5000 | buffer=3883 | losses: value=382281.1521, critic=336873408.1994, actor=37.6887
2025-12-21 16:46:14 | INFO | train | Step 3894/5000 | buffer=3894 | losses: value=381201.4635, critic=335921796.9972, actor=37.7244
2025-12-21 16:46:32 | INFO | train | Step 3900/5000 | buffer=3900 | losses: value=380615.0995, critic=335404994.3796, actor=37.7222
2025-12-21 16:47:04 | INFO | train | Step 3911/5000 | buffer=3911 | losses: value=379544.7441, critic=334461646.3756, actor=37.7664
2025-12-21 16:47:35 | INFO | train | Step 3922/5000 | buffer=3922 | losses: value=378480.3331, critic=333523585.8141, actor=37.8220
2025-12-21 16:48:07 | INFO | train | Step 3933/5000 | buffer=3933 | losses: value=377421.8788, critic=332590772.0641, actor=37.8029
2025-12-21 16:48:39 | INFO | train | Step 3944/5000 | buffer=3944 | losses: value=376369.3097, critic=331663161.5031, actor=37.8281
2025-12-21 16:48:57 | INFO | train | Step 3950/5000 | buffer=3950 | losses: value=375797.6519, critic=331159369.8818, actor=37.8206
2025-12-21 16:49:29 | INFO | train | Step 3961/5000 | buffer=3961 | losses: value=374754.1179, critic=330239715.5827, actor=37.8571
2025-12-21 16:50:00 | INFO | train | Step 3972/5000 | buffer=3972 | losses: value=373716.3571, critic=329325154.6175, actor=37.9154
2025-12-21 16:50:32 | INFO | train | Step 3983/5000 | buffer=3983 | losses: value=372684.3252, critic=328415645.6499, actor=37.9246
2025-12-21 16:51:04 | INFO | train | Step 3994/5000 | buffer=3994 | losses: value=371657.9860, critic=327511146.5516, actor=37.9725
2025-12-21 16:51:21 | INFO | train | Step 4000/5000 | buffer=4000 | losses: value=371100.5363, critic=327019879.9127, actor=38.0587
2025-12-21 17:00:51 | INFO | train | Eval Episode 1/5 return=-4.000
2025-12-21 17:11:02 | INFO | train | Eval Episode 2/5 return=-4.000
2025-12-21 17:21:17 | INFO | train | Eval Episode 3/5 return=-4.000
2025-12-21 17:31:34 | INFO | train | Eval Episode 4/5 return=-4.000
2025-12-21 17:41:45 | INFO | train | Eval Episode 5/5 return=-4.000
2025-12-21 17:41:45 | INFO | train | Eval at step 4000: {'avg_return': -4.0}
2025-12-21 17:41:45 | INFO | train | Saved policy checkpoint: C:\Users\rezno\Desktop\wta\wta\experiments/results/models\policy_step_4000.pt
2025-12-21 17:41:48 | INFO | train | Episode 21 return=-4.000, length=200
2025-12-21 17:41:48 | INFO | train | Step 4001/5000 | buffer=4001 | losses: value=371007.7892, critic=326938145.3914, actor=38.0530
2025-12-21 17:42:19 | INFO | train | Step 4011/5000 | buffer=4011 | losses: value=370082.8805, critic=326123042.2907, actor=38.0593
2025-12-21 17:42:50 | INFO | train | Step 4021/5000 | buffer=4021 | losses: value=369162.5662, critic=325311994.0171, actor=38.0811
2025-12-21 17:43:21 | INFO | train | Step 4031/5000 | buffer=4031 | losses: value=368246.8137, critic=324504968.6166, actor=38.1198
2025-12-21 17:43:52 | INFO | train | Step 4041/5000 | buffer=4041 | losses: value=367335.6021, critic=323701937.4237, actor=38.1308
2025-12-21 17:44:21 | INFO | train | Step 4050/5000 | buffer=4050 | losses: value=366519.3491, critic=322982601.8623, actor=38.1490
2025-12-21 17:44:51 | INFO | train | Step 4060/5000 | buffer=4060 | losses: value=365616.6558, critic=322187079.6119, actor=38.1549
2025-12-21 17:45:22 | INFO | train | Step 4070/5000 | buffer=4070 | losses: value=364718.3883, critic=321395466.3375, actor=38.1925
2025-12-21 17:45:53 | INFO | train | Step 4080/5000 | buffer=4080 | losses: value=363824.5201, critic=320607733.8879, actor=38.1664
2025-12-21 17:46:24 | INFO | train | Step 4090/5000 | buffer=4090 | losses: value=362935.0282, critic=319823853.1280, actor=38.1800
2025-12-21 17:46:55 | INFO | train | Step 4100/5000 | buffer=4100 | losses: value=362049.8699, critic=319043796.1599, actor=38.1593
2025-12-21 17:47:26 | INFO | train | Step 4110/5000 | buffer=4110 | losses: value=361169.0237, critic=318267534.3721, actor=38.1989
2025-12-21 17:47:57 | INFO | train | Step 4120/5000 | buffer=4120 | losses: value=360292.4594, critic=317495040.6485, actor=38.2450
2025-12-21 17:48:28 | INFO | train | Step 4130/5000 | buffer=4130 | losses: value=359420.1243, critic=316726287.8958, actor=38.2351
2025-12-21 17:48:59 | INFO | train | Step 4140/5000 | buffer=4140 | losses: value=358552.0049, critic=315961249.0588, actor=38.2424
2025-12-21 17:49:31 | INFO | train | Step 4150/5000 | buffer=4150 | losses: value=357688.0720, critic=315199896.8975, actor=38.2680
2025-12-21 17:50:02 | INFO | train | Step 4160/5000 | buffer=4160 | losses: value=356828.2862, critic=314442205.0775, actor=38.2934
2025-12-21 17:50:33 | INFO | train | Step 4170/5000 | buffer=4170 | losses: value=355972.6245, critic=313688147.4373, actor=38.3070
2025-12-21 17:51:04 | INFO | train | Step 4180/5000 | buffer=4180 | losses: value=355121.0614, critic=312937697.6048, actor=38.3453
2025-12-21 17:51:35 | INFO | train | Step 4190/5000 | buffer=4190 | losses: value=354273.5579, critic=312190829.7005, actor=38.4189
2025-12-21 17:52:06 | INFO | train | Step 4200/5000 | buffer=4200 | losses: value=353430.0865, critic=311447518.5960, actor=38.4270
2025-12-21 18:02:21 | INFO | train | Eval Episode 1/5 return=-4.000
2025-12-21 18:12:34 | INFO | train | Eval Episode 2/5 return=-4.000
2025-12-21 18:22:45 | INFO | train | Eval Episode 3/5 return=-4.000
2025-12-21 18:32:59 | INFO | train | Eval Episode 4/5 return=-4.000
2025-12-21 18:43:12 | INFO | train | Eval Episode 5/5 return=-4.000
2025-12-21 18:43:12 | INFO | train | Eval at step 4200: {'avg_return': -4.0}
2025-12-21 18:43:16 | INFO | train | Episode 22 return=-4.000, length=200
2025-12-21 18:43:16 | INFO | train | Step 4201/5000 | buffer=4201 | losses: value=353345.9619, critic=311373382.0927, actor=38.4258
2025-12-21 18:43:47 | INFO | train | Step 4211/5000 | buffer=4211 | losses: value=352506.8947, critic=310633954.2707, actor=38.4186
2025-12-21 18:44:18 | INFO | train | Step 4221/5000 | buffer=4221 | losses: value=351671.8031, critic=309898029.6797, actor=38.4244
2025-12-21 18:44:49 | INFO | train | Step 4231/5000 | buffer=4231 | losses: value=350840.6576, critic=309165583.8207, actor=38.4026
2025-12-21 18:45:19 | INFO | train | Step 4241/5000 | buffer=4241 | losses: value=350013.4289, critic=308436592.0743, actor=38.3910
2025-12-21 18:45:47 | INFO | train | Step 4250/5000 | buffer=4250 | losses: value=349272.2526, critic=307783432.6585, actor=38.3822
2025-12-21 18:46:18 | INFO | train | Step 4260/5000 | buffer=4260 | losses: value=348452.3964, critic=307060937.7388, actor=38.3466
2025-12-21 18:46:50 | INFO | train | Step 4270/5000 | buffer=4270 | losses: value=347636.3780, critic=306341825.8078, actor=38.3258
2025-12-21 18:47:21 | INFO | train | Step 4280/5000 | buffer=4280 | losses: value=346824.1748, critic=305626074.1901, actor=38.3128
2025-12-21 18:47:51 | INFO | train | Step 4290/5000 | buffer=4290 | losses: value=346015.7591, critic=304913659.1776, actor=38.3118
2025-12-21 18:48:22 | INFO | train | Step 4300/5000 | buffer=4300 | losses: value=345211.0976, critic=304204558.1440, actor=38.2845
2025-12-21 18:48:53 | INFO | train | Step 4310/5000 | buffer=4310 | losses: value=344410.1724, critic=303498747.3833, actor=38.2772
2025-12-21 18:49:24 | INFO | train | Step 4320/5000 | buffer=4320 | losses: value=343612.9510, critic=302796204.0508, actor=38.2747
2025-12-21 18:49:56 | INFO | train | Step 4330/5000 | buffer=4330 | losses: value=342819.4135, critic=302096905.8615, actor=38.2676
2025-12-21 18:50:27 | INFO | train | Step 4340/5000 | buffer=4340 | losses: value=342029.5338, critic=301400830.1132, actor=38.2697
2025-12-21 18:50:58 | INFO | train | Step 4350/5000 | buffer=4350 | losses: value=341243.2833, critic=300707954.7079, actor=38.2462
2025-12-21 18:51:29 | INFO | train | Step 4360/5000 | buffer=4360 | losses: value=340460.6388, critic=300018258.3406, actor=38.2240
2025-12-21 18:52:00 | INFO | train | Step 4370/5000 | buffer=4370 | losses: value=339681.5802, critic=299331719.3361, actor=38.1815
2025-12-21 18:52:31 | INFO | train | Step 4380/5000 | buffer=4380 | losses: value=338906.0815, critic=298648314.4373, actor=38.1532
2025-12-21 18:53:02 | INFO | train | Step 4390/5000 | buffer=4390 | losses: value=338134.1170, critic=297968022.5829, actor=38.1708
2025-12-21 18:53:32 | INFO | train | Step 4400/5000 | buffer=4400 | losses: value=337365.6555, critic=297290822.8449, actor=38.1506
2025-12-21 19:03:44 | INFO | train | Eval Episode 1/5 return=-4.000
2025-12-21 19:13:54 | INFO | train | Eval Episode 2/5 return=-4.000
2025-12-21 19:24:05 | INFO | train | Eval Episode 3/5 return=-4.000
2025-12-21 19:34:18 | INFO | train | Eval Episode 4/5 return=-4.000
2025-12-21 19:44:26 | INFO | train | Eval Episode 5/5 return=-4.000
2025-12-21 19:44:26 | INFO | train | Eval at step 4400: {'avg_return': -4.0}
2025-12-21 19:44:29 | INFO | train | Episode 23 return=-4.000, length=200
2025-12-21 19:44:29 | INFO | train | Step 4401/5000 | buffer=4401 | losses: value=337289.0012, critic=297223272.1073, actor=38.1539
2025-12-21 19:45:00 | INFO | train | Step 4411/5000 | buffer=4411 | losses: value=336524.3722, critic=296549449.3791, actor=38.1415
2025-12-21 19:45:31 | INFO | train | Step 4421/5000 | buffer=4421 | losses: value=335763.1986, critic=295878674.9791, actor=38.1137
2025-12-21 19:46:02 | INFO | train | Step 4431/5000 | buffer=4431 | losses: value=335005.4630, critic=295210928.0869, actor=38.1155
2025-12-21 19:46:33 | INFO | train | Step 4441/5000 | buffer=4441 | losses: value=334251.1471, critic=294546188.4732, actor=38.1557
2025-12-21 19:47:01 | INFO | train | Step 4450/5000 | buffer=4450 | losses: value=333575.1531, critic=293950477.2237, actor=38.1472
2025-12-21 19:47:32 | INFO | train | Step 4460/5000 | buffer=4460 | losses: value=332827.2513, critic=293291395.7149, actor=38.1637
2025-12-21 19:48:03 | INFO | train | Step 4470/5000 | buffer=4470 | losses: value=332082.7031, critic=292635263.0480, actor=38.1885
2025-12-21 19:48:34 | INFO | train | Step 4480/5000 | buffer=4480 | losses: value=331341.4695, critic=291982059.3971, actor=38.1789
2025-12-21 19:49:05 | INFO | train | Step 4490/5000 | buffer=4490 | losses: value=330603.5347, critic=291331766.0044, actor=38.1415
2025-12-21 19:49:36 | INFO | train | Step 4500/5000 | buffer=4500 | losses: value=329868.8837, critic=290684362.9153, actor=38.1094
2025-12-21 19:50:08 | INFO | train | Step 4510/5000 | buffer=4510 | losses: value=329137.4831, critic=290039829.9992, actor=38.0721
2025-12-21 19:50:39 | INFO | train | Step 4520/5000 | buffer=4520 | losses: value=328409.3234, critic=289398149.3344, actor=38.0551
2025-12-21 19:51:10 | INFO | train | Step 4530/5000 | buffer=4530 | losses: value=327684.3772, critic=288759301.3702, actor=38.0298
2025-12-21 19:51:42 | INFO | train | Step 4540/5000 | buffer=4540 | losses: value=326962.6243, critic=288123267.8592, actor=38.0155
2025-12-21 19:52:12 | INFO | train | Step 4550/5000 | buffer=4550 | losses: value=326244.0431, critic=287490030.1028, actor=37.9858
2025-12-21 19:52:44 | INFO | train | Step 4560/5000 | buffer=4560 | losses: value=325528.6127, critic=286859569.8461, actor=37.9496
2025-12-21 19:53:15 | INFO | train | Step 4570/5000 | buffer=4570 | losses: value=324816.3108, critic=286231868.4182, actor=37.9096
2025-12-21 19:53:46 | INFO | train | Step 4580/5000 | buffer=4580 | losses: value=324107.1231, critic=285606908.3552, actor=37.8936
2025-12-21 19:54:18 | INFO | train | Step 4590/5000 | buffer=4590 | losses: value=323401.0247, critic=284984671.2699, actor=37.8671
2025-12-21 19:54:49 | INFO | train | Step 4600/5000 | buffer=4600 | losses: value=322697.9945, critic=284365139.5608, actor=37.8364
2025-12-21 20:04:59 | INFO | train | Eval Episode 1/5 return=-4.000
2025-12-21 20:15:09 | INFO | train | Eval Episode 2/5 return=-4.000
2025-12-21 20:25:19 | INFO | train | Eval Episode 3/5 return=-4.000
2025-12-21 20:35:29 | INFO | train | Eval Episode 4/5 return=-4.000
2025-12-21 20:45:41 | INFO | train | Eval Episode 5/5 return=-4.000
2025-12-21 20:45:41 | INFO | train | Eval at step 4600: {'avg_return': -4.0}
2025-12-21 20:45:44 | INFO | train | Episode 24 return=-4.000, length=200
2025-12-21 20:45:44 | INFO | train | Step 4601/5000 | buffer=4601 | losses: value=322627.8593, critic=284303334.4917, actor=37.8346
2025-12-21 20:46:15 | INFO | train | Step 4611/5000 | buffer=4611 | losses: value=321928.1858, critic=283686758.5072, actor=37.8089
2025-12-21 20:46:46 | INFO | train | Step 4621/5000 | buffer=4621 | losses: value=321231.5416, critic=283072851.0993, actor=37.7989
2025-12-21 20:47:18 | INFO | train | Step 4631/5000 | buffer=4631 | losses: value=320537.9025, critic=282461594.8261, actor=37.7591
2025-12-21 20:47:49 | INFO | train | Step 4641/5000 | buffer=4641 | losses: value=319847.2528, critic=281852973.0848, actor=37.7133
2025-12-21 20:48:16 | INFO | train | Step 4650/5000 | buffer=4650 | losses: value=319228.2074, critic=281307451.3116, actor=37.6822
2025-12-21 20:48:47 | INFO | train | Step 4660/5000 | buffer=4660 | losses: value=318543.1814, critic=280703787.4119, actor=37.6381
2025-12-21 20:49:18 | INFO | train | Step 4670/5000 | buffer=4670 | losses: value=317861.0897, critic=280102708.6728, actor=37.6039
2025-12-21 20:49:49 | INFO | train | Step 4680/5000 | buffer=4680 | losses: value=317181.9126, critic=279504198.7364, actor=37.5655
2025-12-21 20:50:20 | INFO | train | Step 4690/5000 | buffer=4690 | losses: value=316505.6310, critic=278908241.0780, actor=37.5373
2025-12-21 20:50:51 | INFO | train | Step 4700/5000 | buffer=4700 | losses: value=315832.2283, critic=278314819.4775, actor=37.5033
2025-12-21 20:51:22 | INFO | train | Step 4710/5000 | buffer=4710 | losses: value=315161.6845, critic=277723917.7958, actor=37.4578
2025-12-21 20:51:53 | INFO | train | Step 4720/5000 | buffer=4720 | losses: value=314493.9822, critic=277135519.6961, actor=37.4229
2025-12-21 20:52:24 | INFO | train | Step 4730/5000 | buffer=4730 | losses: value=313829.1022, critic=276549609.5775, actor=37.3828
2025-12-21 20:52:55 | INFO | train | Step 4740/5000 | buffer=4740 | losses: value=313167.0300, critic=275966171.6663, actor=37.3607
2025-12-21 20:53:26 | INFO | train | Step 4750/5000 | buffer=4750 | losses: value=312507.7432, critic=275385190.3353, actor=37.3328
2025-12-21 20:53:58 | INFO | train | Step 4760/5000 | buffer=4760 | losses: value=311851.2260, critic=274806650.3427, actor=37.2909
2025-12-21 20:54:29 | INFO | train | Step 4770/5000 | buffer=4770 | losses: value=311197.4628, critic=274230535.8038, actor=37.2673
2025-12-21 20:55:00 | INFO | train | Step 4780/5000 | buffer=4780 | losses: value=310546.4344, critic=273656831.8658, actor=37.2318
2025-12-21 20:55:31 | INFO | train | Step 4790/5000 | buffer=4790 | losses: value=309898.1233, critic=273085523.4572, actor=37.1924
2025-12-21 20:56:02 | INFO | train | Step 4800/5000 | buffer=4800 | losses: value=309252.5136, critic=272516595.5020, actor=37.1496
2025-12-21 21:06:11 | INFO | train | Eval Episode 1/5 return=-4.000
2025-12-21 21:16:28 | INFO | train | Eval Episode 2/5 return=-4.000
2025-12-21 21:26:35 | INFO | train | Eval Episode 3/5 return=-4.000
2025-12-21 21:36:46 | INFO | train | Eval Episode 4/5 return=-4.000
2025-12-21 21:46:54 | INFO | train | Eval Episode 5/5 return=-4.000
2025-12-21 21:46:54 | INFO | train | Eval at step 4800: {'avg_return': -4.0}
2025-12-21 21:46:57 | INFO | train | Episode 25 return=-4.000, length=200
2025-12-21 21:46:57 | INFO | train | Step 4801/5000 | buffer=4801 | losses: value=309188.1003, critic=272459833.0389, actor=37.1457
2025-12-21 21:47:28 | INFO | train | Step 4811/5000 | buffer=4811 | losses: value=308545.4422, critic=271893506.3307, actor=37.0990
2025-12-21 21:47:59 | INFO | train | Step 4821/5000 | buffer=4821 | losses: value=307905.4506, critic=271329529.1236, actor=37.0596
2025-12-21 21:48:30 | INFO | train | Step 4831/5000 | buffer=4831 | losses: value=307268.1073, critic=270767886.7869, actor=37.0046
2025-12-21 21:49:01 | INFO | train | Step 4841/5000 | buffer=4841 | losses: value=306633.3969, critic=270208564.6578, actor=36.9597
2025-12-21 21:49:29 | INFO | train | Step 4850/5000 | buffer=4850 | losses: value=306064.3961, critic=269707146.7832, actor=36.9222
2025-12-21 21:50:00 | INFO | train | Step 4860/5000 | buffer=4860 | losses: value=305434.6440, critic=269152193.8318, actor=36.8813
2025-12-21 21:50:31 | INFO | train | Step 4870/5000 | buffer=4870 | losses: value=304807.4785, critic=268599520.0083, actor=36.8427
2025-12-21 21:51:02 | INFO | train | Step 4880/5000 | buffer=4880 | losses: value=304182.8838, critic=268049111.2487, actor=36.8069
2025-12-21 21:51:33 | INFO | train | Step 4890/5000 | buffer=4890 | losses: value=303560.8419, critic=267500953.6593, actor=36.7653
2025-12-21 21:52:04 | INFO | train | Step 4900/5000 | buffer=4900 | losses: value=302941.3402, critic=266955033.4600, actor=36.7244
2025-12-21 21:52:35 | INFO | train | Step 4910/5000 | buffer=4910 | losses: value=302324.3596, critic=266411336.9654, actor=36.6781
2025-12-21 21:53:06 | INFO | train | Step 4920/5000 | buffer=4920 | losses: value=301709.8880, critic=265869850.5310, actor=36.6353
2025-12-21 21:53:38 | INFO | train | Step 4930/5000 | buffer=4930 | losses: value=301097.9090, critic=265330561.0252, actor=36.5826
2025-12-21 21:54:09 | INFO | train | Step 4940/5000 | buffer=4940 | losses: value=300488.4094, critic=264793454.7645, actor=36.5465
2025-12-21 21:54:40 | INFO | train | Step 4950/5000 | buffer=4950 | losses: value=299881.3712, critic=264258518.7193, actor=36.5031
2025-12-21 21:55:11 | INFO | train | Step 4960/5000 | buffer=4960 | losses: value=299276.7811, critic=263725739.6225, actor=36.4523
2025-12-21 21:55:42 | INFO | train | Step 4970/5000 | buffer=4970 | losses: value=298674.6239, critic=263195104.7665, actor=36.3918
2025-12-21 21:56:13 | INFO | train | Step 4980/5000 | buffer=4980 | losses: value=298074.8859, critic=262666600.7369, actor=36.3326
2025-12-21 21:56:44 | INFO | train | Step 4990/5000 | buffer=4990 | losses: value=297477.5523, critic=262140214.8012, actor=36.2835
2025-12-21 21:57:15 | INFO | train | Step 5000/5000 | buffer=5000 | losses: value=296882.6069, critic=261615934.3966, actor=36.2470
2025-12-21 22:07:29 | INFO | train | Eval Episode 1/5 return=-4.000
2025-12-21 22:17:39 | INFO | train | Eval Episode 2/5 return=-4.000
2025-12-21 22:27:51 | INFO | train | Eval Episode 3/5 return=-4.000
2025-12-21 22:38:04 | INFO | train | Eval Episode 4/5 return=-4.000
2025-12-21 22:48:16 | INFO | train | Eval Episode 5/5 return=-4.000
2025-12-21 22:48:16 | INFO | train | Eval at step 5000: {'avg_return': -4.0}
2025-12-21 22:48:16 | INFO | train | Saved policy checkpoint: C:\Users\rezno\Desktop\wta\wta\experiments/results/models\policy_step_5000.pt
2025-12-21 22:48:16 | INFO | train | 开始评估...
2025-12-21 22:58:27 | INFO | train | Eval Episode 1/10 return=-4.000
2025-12-21 23:08:38 | INFO | train | Eval Episode 2/10 return=-4.000
2025-12-21 23:18:49 | INFO | train | Eval Episode 3/10 return=-4.000
2025-12-21 23:29:00 | INFO | train | Eval Episode 4/10 return=-4.000
2025-12-21 23:39:11 | INFO | train | Eval Episode 5/10 return=-4.000
2025-12-21 23:48:54 | INFO | train | Eval Episode 6/10 return=-4.000
2025-12-21 23:58:36 | INFO | train | Eval Episode 7/10 return=-4.000
2025-12-22 00:08:33 | INFO | train | Eval Episode 8/10 return=-4.000
2025-12-22 00:18:24 | INFO | train | Eval Episode 9/10 return=-4.000
2025-12-22 00:28:20 | INFO | train | Eval Episode 10/10 return=-4.000
2025-12-22 00:28:20 | INFO | train | 评估指标: {'avg_return': -4.0}
2026-01-23 19:39:45 | INFO | train | 开始生成离线数据集...
2026-01-23 19:47:44 | INFO | train | 开始生成离线数据集...
2026-01-23 21:32:09 | INFO | train | 开始生成离线数据集...
2026-01-23 21:36:59 | INFO | train | 开始生成离线数据集...
